[    0.000000] Initializing cgroup subsys cpuset
[    0.000000] Initializing cgroup subsys cpu
[    0.000000] Initializing cgroup subsys cpuacct
[    0.000000] Linux version 4.4.0-93-generic (buildd@lgw01-03) (gcc version 5.4.0 20160609 (Ubuntu 5.4.0-6ubuntu1~16.04.4) ) #116-Ubuntu SMP Fri Aug 11 21:17:51 UTC 2017 (Ubuntu 4.4.0-93.116-generic 4.4.79)
[    0.000000] Command line: BOOT_IMAGE=/boot/vmlinuz-4.4.0-93-generic root=LABEL=cloudimg-rootfs ro console=tty1 console=ttyS0
[    0.000000] KERNEL supported cpus:
[    0.000000]   Intel GenuineIntel
[    0.000000]   AMD AuthenticAMD
[    0.000000]   Centaur CentaurHauls
[    0.000000] x86/fpu: xstate_offset[2]:  576, xstate_sizes[2]:  256
[    0.000000] x86/fpu: Supporting XSAVE feature 0x01: 'x87 floating point registers'
[    0.000000] x86/fpu: Supporting XSAVE feature 0x02: 'SSE registers'
[    0.000000] x86/fpu: Supporting XSAVE feature 0x04: 'AVX registers'
[    0.000000] x86/fpu: Enabled xstate features 0x7, context size is 832 bytes, using 'standard' format.
[    0.000000] x86/fpu: Using 'lazy' FPU context switches.
[    0.000000] e820: BIOS-provided physical RAM map:
[    0.000000] BIOS-e820: [mem 0x0000000000000000-0x000000000009fbff] usable
[    0.000000] BIOS-e820: [mem 0x000000000009fc00-0x000000000009ffff] reserved
[    0.000000] BIOS-e820: [mem 0x00000000000f0000-0x00000000000fffff] reserved
[    0.000000] BIOS-e820: [mem 0x0000000000100000-0x000000003ffeffff] usable
[    0.000000] BIOS-e820: [mem 0x000000003fff0000-0x000000003fffffff] ACPI data
[    0.000000] BIOS-e820: [mem 0x00000000fec00000-0x00000000fec00fff] reserved
[    0.000000] BIOS-e820: [mem 0x00000000fee00000-0x00000000fee00fff] reserved
[    0.000000] BIOS-e820: [mem 0x00000000fffc0000-0x00000000ffffffff] reserved
[    0.000000] NX (Execute Disable) protection: active
[    0.000000] SMBIOS 2.5 present.
[    0.000000] Hypervisor detected: KVM
[    0.000000] e820: last_pfn = 0x3fff0 max_arch_pfn = 0x400000000
[    0.000000] MTRR: Disabled
[    0.000000] x86/PAT: MTRRs disabled, skipping PAT initialization too.
[    0.000000] CPU MTRRs all blank - virtualized system.
[    0.000000] x86/PAT: Configuration [0-7]: WB  WT  UC- UC  WB  WT  UC- UC  
[    0.000000] found SMP MP-table at [mem 0x0009fff0-0x0009ffff] mapped at [ffff88000009fff0]
[    0.000000] Scanning 1 areas for low memory corruption
[    0.000000] RAMDISK: [mem 0x36ac4000-0x37559fff]
[    0.000000] ACPI: Early table checksum verification disabled
[    0.000000] ACPI: RSDP 0x00000000000E0000 000024 (v02 VBOX  )
[    0.000000] ACPI: XSDT 0x000000003FFF0030 00003C (v01 VBOX   VBOXXSDT 00000001 ASL  00000061)
[    0.000000] ACPI: FACP 0x000000003FFF00F0 0000F4 (v04 VBOX   VBOXFACP 00000001 ASL  00000061)
[    0.000000] ACPI: DSDT 0x000000003FFF0470 0021C8 (v02 VBOX   VBOXBIOS 00000002 INTL 20100528)
[    0.000000] ACPI: FACS 0x000000003FFF0200 000040
[    0.000000] ACPI: FACS 0x000000003FFF0200 000040
[    0.000000] ACPI: APIC 0x000000003FFF0240 00005C (v02 VBOX   VBOXAPIC 00000001 ASL  00000061)
[    0.000000] ACPI: SSDT 0x000000003FFF02A0 0001CC (v01 VBOX   VBOXCPUT 00000002 INTL 20100528)
[    0.000000] No NUMA configuration found
[    0.000000] Faking a node at [mem 0x0000000000000000-0x000000003ffeffff]
[    0.000000] NODE_DATA(0) allocated [mem 0x3ffeb000-0x3ffeffff]
[    0.000000] kvm-clock: Using msrs 4b564d01 and 4b564d00
[    0.000000] kvm-clock: cpu 0, msr 0:3ffe3001, primary cpu clock
[    0.000000] kvm-clock: using sched offset of 3600464864 cycles
[    0.000000] clocksource: kvm-clock: mask: 0xffffffffffffffff max_cycles: 0x1cd42e4dffb, max_idle_ns: 881590591483 ns
[    0.000000] Zone ranges:
[    0.000000]   DMA      [mem 0x0000000000001000-0x0000000000ffffff]
[    0.000000]   DMA32    [mem 0x0000000001000000-0x000000003ffeffff]
[    0.000000]   Normal   empty
[    0.000000]   Device   empty
[    0.000000] Movable zone start for each node
[    0.000000] Early memory node ranges
[    0.000000]   node   0: [mem 0x0000000000001000-0x000000000009efff]
[    0.000000]   node   0: [mem 0x0000000000100000-0x000000003ffeffff]
[    0.000000] Initmem setup node 0 [mem 0x0000000000001000-0x000000003ffeffff]
[    0.000000] ACPI: PM-Timer IO Port: 0x4008
[    0.000000] IOAPIC[0]: apic_id 2, version 32, address 0xfec00000, GSI 0-23
[    0.000000] ACPI: INT_SRC_OVR (bus 0 bus_irq 0 global_irq 2 dfl dfl)
[    0.000000] ACPI: INT_SRC_OVR (bus 0 bus_irq 9 global_irq 9 high level)
[    0.000000] Using ACPI (MADT) for SMP configuration information
[    0.000000] smpboot: Allowing 2 CPUs, 0 hotplug CPUs
[    0.000000] PM: Registered nosave memory: [mem 0x00000000-0x00000fff]
[    0.000000] PM: Registered nosave memory: [mem 0x0009f000-0x0009ffff]
[    0.000000] PM: Registered nosave memory: [mem 0x000a0000-0x000effff]
[    0.000000] PM: Registered nosave memory: [mem 0x000f0000-0x000fffff]
[    0.000000] e820: [mem 0x40000000-0xfebfffff] available for PCI devices
[    0.000000] Booting paravirtualized kernel on KVM
[    0.000000] clocksource: refined-jiffies: mask: 0xffffffff max_cycles: 0xffffffff, max_idle_ns: 7645519600211568 ns
[    0.000000] setup_percpu: NR_CPUS:512 nr_cpumask_bits:512 nr_cpu_ids:2 nr_node_ids:1
[    0.000000] PERCPU: Embedded 34 pages/cpu @ffff88003fc00000 s98328 r8192 d32744 u1048576
[    0.000000] PV qspinlock hash table entries: 256 (order: 0, 4096 bytes)
[    0.000000] Built 1 zonelists in Node order, mobility grouping on.  Total pages: 257913
[    0.000000] Policy zone: DMA32
[    0.000000] Kernel command line: BOOT_IMAGE=/boot/vmlinuz-4.4.0-93-generic root=LABEL=cloudimg-rootfs ro console=tty1 console=ttyS0
[    0.000000] PID hash table entries: 4096 (order: 3, 32768 bytes)
[    0.000000] Memory: 1001724K/1048120K available (8479K kernel code, 1294K rwdata, 3984K rodata, 1492K init, 1316K bss, 46396K reserved, 0K cma-reserved)
[    0.000000] SLUB: HWalign=64, Order=0-3, MinObjects=0, CPUs=2, Nodes=1
[    0.000000] Hierarchical RCU implementation.
[    0.000000] 	Build-time adjustment of leaf fanout to 64.
[    0.000000] 	RCU restricting CPUs from NR_CPUS=512 to nr_cpu_ids=2.
[    0.000000] RCU: Adjusting geometry for rcu_fanout_leaf=64, nr_cpu_ids=2
[    0.000000] NR_IRQS:33024 nr_irqs:440 16
[    0.000000] Console: colour VGA+ 80x25
[    0.000000] console [tty1] enabled
[    0.000000] console [ttyS0] enabled
[    0.000000] tsc: Detected 1599.999 MHz processor
[    2.270086] Calibrating delay loop (skipped) preset value.. 3199.99 BogoMIPS (lpj=6399996)
[    2.345905] pid_max: default: 32768 minimum: 301
[    2.353506] ACPI: Core revision 20150930
[    2.358998] ACPI: 2 ACPI AML tables successfully acquired and loaded
[    2.367114] Security Framework initialized
[    2.368518] Yama: becoming mindful.
[    2.369643] AppArmor: AppArmor initialized
[    2.370924] Dentry cache hash table entries: 131072 (order: 8, 1048576 bytes)
[    2.373509] Inode-cache hash table entries: 65536 (order: 7, 524288 bytes)
[    2.408799] Mount-cache hash table entries: 2048 (order: 2, 16384 bytes)
[    2.438141] Mountpoint-cache hash table entries: 2048 (order: 2, 16384 bytes)
[    2.483320] Initializing cgroup subsys io
[    2.495691] Initializing cgroup subsys memory
[    2.500991] Initializing cgroup subsys devices
[    2.502159] Initializing cgroup subsys freezer
[    2.536842] Initializing cgroup subsys net_cls
[    2.556114] Initializing cgroup subsys perf_event
[    2.593396] Initializing cgroup subsys net_prio
[    2.601755] Initializing cgroup subsys hugetlb
[    2.602939] Initializing cgroup subsys pids
[    2.605901] CPU: Physical Processor ID: 0
[    2.663876] CPU: Processor Core ID: 0
[    2.687507] mce: CPU supports 0 MCE banks
[    2.700363] Last level iTLB entries: 4KB 64, 2MB 8, 4MB 8
[    2.761161] Last level dTLB entries: 4KB 64, 2MB 0, 4MB 0, 1GB 4
[    2.764978] Freeing SMP alternatives memory: 32K (ffffffff820ba000 - ffffffff820c2000)
[    2.820034] ftrace: allocating 32136 entries in 126 pages
[    2.903144] smpboot: APIC(0) Converting physical 0 to logical package 0
[    2.964120] smpboot: Max logical packages: 1
[    2.965598] x2apic enabled
[    2.968475] Switched APIC routing to physical x2apic.
[    2.996988] ..TIMER: vector=0x30 apic1=0 pin1=2 apic2=-1 pin2=-1
[    3.108541] smpboot: CPU0: Intel(R) Core(TM) i5-5250U CPU @ 1.60GHz (family: 0x6, model: 0x3d, stepping: 0x4)
[    3.216716] Performance Events: unsupported p6 CPU model 61 no PMU driver, software events only.
[    3.279939] KVM setup paravirtual spinlock
[    3.286259] x86: Booting SMP configuration:
[    3.321334] .... node  #0, CPUs:      #1
[    3.338100] kvm-clock: cpu 1, msr 0:3ffe3041, secondary cpu clock
[    3.408973] mce: CPU supports 0 MCE banks
[    3.413390] x86: Booted up 1 node, 2 CPUs
[    3.435459] smpboot: Total of 2 processors activated (6399.99 BogoMIPS)
[    3.454723] devtmpfs: initialized
[    3.483908] evm: security.selinux
[    3.510483] evm: security.SMACK64
[    3.528512] evm: security.SMACK64EXEC
[    3.570278] evm: security.SMACK64TRANSMUTE
[    3.600729] evm: security.SMACK64MMAP
[    3.626223] evm: security.ima
[    3.645397] evm: security.capability
[    3.670428] clocksource: jiffies: mask: 0xffffffff max_cycles: 0xffffffff, max_idle_ns: 7645041785100000 ns
[    3.766576] futex hash table entries: 512 (order: 3, 32768 bytes)
[    3.817274] pinctrl core: initialized pinctrl subsystem
[    3.869249] RTC time: 11:09:11, date: 09/20/17
[    3.924516] NET: Registered protocol family 16
[    3.973126] cpuidle: using governor ladder
[    4.001325] cpuidle: using governor menu
[    4.008661] PCCT header not found.
[    4.030559] ACPI: bus type PCI registered
[    4.070067] acpiphp: ACPI Hot Plug PCI Controller Driver version: 0.5
[    4.105289] PCI: Using configuration type 1 for base access
[    4.174777] ACPI: Added _OSI(Module Device)
[    4.205623] ACPI: Added _OSI(Processor Device)
[    4.245988] ACPI: Added _OSI(3.0 _SCP Extensions)
[    4.265171] ACPI: Added _OSI(Processor Aggregator Device)
[    4.297801] ACPI: Executed 1 blocks of module-level executable AML code
[    4.316952] ACPI: Interpreter enabled
[    4.362008] ACPI: (supports S0 S5)
[    4.370845] ACPI: Using IOAPIC for interrupt routing
[    4.411661] PCI: Using host bridge windows from ACPI; if necessary, use "pci=nocrs" and report a bug
[    4.452314] ACPI: PCI Root Bridge [PCI0] (domain 0000 [bus 00-ff])
[    4.502400] acpi PNP0A03:00: _OSC: OS supports [ASPM ClockPM Segments MSI]
[    4.511397] acpi PNP0A03:00: _OSC failed (AE_NOT_FOUND); disabling ASPM
[    4.523213] acpi PNP0A03:00: fail to add MMCONFIG information, can't access extended PCI configuration space under this bridge.
[    4.620826] PCI host bridge to bus 0000:00
[    4.660396] pci_bus 0000:00: root bus resource [io  0x0000-0x0cf7 window]
[    4.691323] pci_bus 0000:00: root bus resource [io  0x0d00-0xffff window]
[    4.718115] pci_bus 0000:00: root bus resource [mem 0x000a0000-0x000bffff window]
[    4.751383] pci_bus 0000:00: root bus resource [mem 0x40000000-0xffdfffff window]
[    4.764708] pci_bus 0000:00: root bus resource [bus 00-ff]
[    4.798833] pci 0000:00:01.1: legacy IDE quirk: reg 0x10: [io  0x01f0-0x01f7]
[    4.864371] pci 0000:00:01.1: legacy IDE quirk: reg 0x14: [io  0x03f6]
[    4.868864] pci 0000:00:01.1: legacy IDE quirk: reg 0x18: [io  0x0170-0x0177]
[    4.903332] pci 0000:00:01.1: legacy IDE quirk: reg 0x1c: [io  0x0376]
[    4.967095] pci 0000:00:07.0: quirk: [io  0x4000-0x403f] claimed by PIIX4 ACPI
[    4.992101] pci 0000:00:07.0: quirk: [io  0x4100-0x410f] claimed by PIIX4 SMB
[    5.033875] ACPI: PCI Interrupt Link [LNKA] (IRQs 5 9 10 *11)
[    5.062243] ACPI: PCI Interrupt Link [LNKB] (IRQs 5 9 10 *11)
[    5.105936] ACPI: PCI Interrupt Link [LNKC] (IRQs 5 9 *10 11)
[    5.156861] ACPI: PCI Interrupt Link [LNKD] (IRQs 5 *9 10 11)
[    5.205281] ACPI: Enabled 2 GPEs in block 00 to 07
[    5.240558] vgaarb: setting as boot device: PCI:0000:00:02.0
[    5.282308] vgaarb: device added: PCI:0000:00:02.0,decodes=io+mem,owns=io+mem,locks=none
[    5.353193] vgaarb: loaded
[    5.376870] vgaarb: bridge control possible 0000:00:02.0
[    5.426415] SCSI subsystem initialized
[    5.470819] ACPI: bus type USB registered
[    5.501773] usbcore: registered new interface driver usbfs
[    5.522987] usbcore: registered new interface driver hub
[    5.525866] usbcore: registered new device driver usb
[    5.563664] PCI: Using ACPI for IRQ routing
[    5.581191] NetLabel: Initializing
[    5.607217] NetLabel:  domain hash size = 128
[    5.642876] NetLabel:  protocols = UNLABELED CIPSOv4
[    5.673762] NetLabel:  unlabeled traffic allowed by default
[    5.683638] amd_nb: Cannot enumerate AMD northbridges
[    5.736806] clocksource: Switched to clocksource kvm-clock
[    5.797543] AppArmor: AppArmor Filesystem Enabled
[    5.870144] pnp: PnP ACPI init
[    5.897918] pnp: PnP ACPI: found 3 devices
[    5.978885] clocksource: acpi_pm: mask: 0xffffff max_cycles: 0xffffff, max_idle_ns: 2085701024 ns
[    6.062072] NET: Registered protocol family 2
[    6.139291] TCP established hash table entries: 8192 (order: 4, 65536 bytes)
[    6.254274] TCP bind hash table entries: 8192 (order: 5, 131072 bytes)
[    6.330281] TCP: Hash tables configured (established 8192 bind 8192)
[    6.408828] UDP hash table entries: 512 (order: 2, 16384 bytes)
[    6.489213] UDP-Lite hash table entries: 512 (order: 2, 16384 bytes)
[    6.577328] NET: Registered protocol family 1
[    6.638949] pci 0000:00:00.0: Limiting direct PCI/PCI transfers
[    6.733500] pci 0000:00:01.0: Activating ISA DMA hang workarounds
[    6.772986] Unpacking initramfs...
[    9.107938] Freeing initrd memory: 10840K (ffff880036ac4000 - ffff88003755a000)
[    9.168167] RAPL PMU detected, API unit is 2^-32 Joules, 4 fixed counters 10737418240 ms ovfl timer
[    9.180218] hw unit of domain pp0-core 2^-0 Joules
[    9.208583] hw unit of domain package 2^-0 Joules
[    9.241600] hw unit of domain dram 2^-0 Joules
[    9.268453] hw unit of domain pp1-gpu 2^-0 Joules
[    9.271301] platform rtc_cmos: registered platform RTC device (no PNP device found)
[    9.378285] Scanning for low memory corruption every 60 seconds
[    9.382655] audit: initializing netlink subsys (disabled)
[    9.408277] audit: type=2000 audit(1505905757.071:1): initialized
[    9.420279] Initialise system trusted keyring
[    9.424911] HugeTLB registered 2 MB page size, pre-allocated 0 pages
[    9.456614] zbud: loaded
[    9.475158] VFS: Disk quotas dquot_6.6.0
[    9.502320] VFS: Dquot-cache hash table entries: 512 (order 0, 4096 bytes)
[    9.578072] squashfs: version 4.0 (2009/01/31) Phillip Lougher
[    9.587430] fuse init (API version 7.23)
[    9.646213] Key type big_key registered
[    9.654286] Allocating IMA MOK and blacklist keyrings.
[    9.724789] Key type asymmetric registered
[    9.752390] Asymmetric key parser 'x509' registered
[    9.845406] Block layer SCSI generic (bsg) driver version 0.4 loaded (major 249)
[    9.937162] io scheduler noop registered
[    9.952377] io scheduler deadline registered (default)
[    9.988948] io scheduler cfq registered
[   10.028091] pci_hotplug: PCI Hot Plug PCI Core version: 0.5
[   10.097188] pciehp: PCI Express Hot Plug Controller Driver version: 0.4
[   10.117831] ACPI: AC Adapter [AC] (on-line)
[   10.133676] input: Power Button as /devices/LNXSYSTM:00/LNXPWRBN:00/input/input0
[   10.162384] ACPI: Power Button [PWRF]
[   10.203536] input: Sleep Button as /devices/LNXSYSTM:00/LNXSLPBN:00/input/input1
[   10.269147] tsc: Refined TSC clocksource calibration: 1602.708 MHz
[   10.269151] clocksource: tsc: mask: 0xffffffffffffffff max_cycles: 0x171a231ebe4, max_idle_ns: 440795264357 ns
[   10.438275] ACPI: Sleep Button [SLPF]
[   10.501609] ACPI: Battery Slot [BAT0] (battery present)
[   10.571734] GHES: HEST is not enabled!
[   10.605278] Serial: 8250/16550 driver, 32 ports, IRQ sharing enabled
[   10.701871] 00:02: ttyS0 at I/O 0x3f8 (irq = 4, base_baud = 115200) is a 16550A
[   10.760503] Linux agpgart interface v0.103
[   10.861700] loop: module loaded
[   10.929295] scsi host0: ata_piix
[   10.981155] scsi host1: ata_piix
[   11.010513] ata1: PATA max UDMA/33 cmd 0x1f0 ctl 0x3f6 bmdma 0xd000 irq 14
[   11.097410] ata2: PATA max UDMA/33 cmd 0x170 ctl 0x376 bmdma 0xd008 irq 15
[   11.185890] libphy: Fixed MDIO Bus: probed
[   11.199637] tun: Universal TUN/TAP device driver, 1.6
[   11.204567] tun: (C) 1999-2004 Max Krasnyansky <maxk@qualcomm.com>
[   11.230191] PPP generic driver version 2.4.2
[   11.245073] ehci_hcd: USB 2.0 'Enhanced' Host Controller (EHCI) Driver
[   11.277024] ehci-pci: EHCI PCI platform driver
[   11.297012] ehci-platform: EHCI generic platform driver
[   11.324298] ohci_hcd: USB 1.1 'Open' Host Controller (OHCI) Driver
[   11.355323] ohci-pci: OHCI PCI platform driver
[   11.370319] ohci-platform: OHCI generic platform driver
[   11.407681] uhci_hcd: USB Universal Host Controller Interface driver
[   11.419306] i8042: PNP: PS/2 Controller [PNP0303:PS2K,PNP0f03:PS2M] at 0x60,0x64 irq 1,12
[   11.422605] serio: i8042 KBD port at 0x60,0x64 irq 1
[   11.424105] serio: i8042 AUX port at 0x60,0x64 irq 12
[   11.427501] mousedev: PS/2 mouse device common for all mice
[   11.444249] input: AT Translated Set 2 keyboard as /devices/platform/i8042/serio0/input/input2
[   11.465445] rtc_cmos rtc_cmos: rtc core: registered rtc_cmos as rtc0
[   11.524869] rtc_cmos rtc_cmos: alarms up to one day, 114 bytes nvram
[   11.541214] i2c /dev entries driver
[   11.542741] device-mapper: uevent: version 1.0.3
[   11.571316] device-mapper: ioctl: 4.34.0-ioctl (2015-10-28) initialised: dm-devel@redhat.com
[   11.611427] ledtrig-cpu: registered to indicate activity on CPUs
[   11.696775] NET: Registered protocol family 10
[   11.748189] NET: Registered protocol family 17
[   11.767928] Key type dns_resolver registered
[   11.788901] microcode: CPU0 sig=0x306d4, pf=0x40, revision=0x0
[   11.791643] microcode: CPU1 sig=0x306d4, pf=0x40, revision=0x0
[   11.793233] microcode: Microcode Update Driver: v2.01 <tigran@aivazian.fsnet.co.uk>, Peter Oruba
[   11.830748] registered taskstats version 1
[   11.844674] Loading compiled-in X.509 certificates
[   11.890177] Loaded X.509 cert 'Build time autogenerated kernel key: a6f98c496ad22cf23b77f8fe21ff88c41791cbd4'
[   11.980561] zswap: loaded using pool lzo/zbud
[   12.028586] Key type trusted registered
[   12.061972] Key type encrypted registered
[   12.086757] AppArmor: AppArmor sha1 policy hashing enabled
[   12.159542] ima: No TPM chip found, activating TPM-bypass!
[   12.197324] evm: HMAC attrs: 0x1
[   12.224579]   Magic number: 1:304:176
[   12.276057] rtc_cmos rtc_cmos: setting system clock to 2017-09-20 11:09:19 UTC (1505905759)
[   12.352765] BIOS EDD facility v0.16 2004-Jun-25, 0 devices found
[   12.386835] EDD information not available.
[   12.419635] Freeing unused kernel memory: 1492K (ffffffff81f45000 - ffffffff820ba000)
[   12.435573] Write protecting the kernel read-only data: 14336k
[   12.449802] Freeing unused kernel memory: 1748K (ffff88000184b000 - ffff880001a00000)
[   12.457853] Freeing unused kernel memory: 112K (ffff880001de4000 - ffff880001e00000)
Loading, please wait...
starting version[   12.503535] random: systemd-udevd: uninitialized urandom read (16 bytes read, 7 bits of entropy available)
 229
[   12.504282] random: udevadm: uninitialized urandom read (16 bytes read, 7 bits of entropy available)
[   12.504321] random: udevadm: uninitialized urandom read (16 bytes read, 7 bits of entropy available)
[   12.504437] random: udevadm: uninitialized urandom read (16 bytes read, 7 bits of entropy available)
[   12.504479] random: udevadm: uninitialized urandom read (16 bytes read, 7 bits of entropy available)
[   12.504518] random: udevadm: uninitialized urandom read (16 bytes read, 7 bits of entropy available)
[   12.504559] random: udevadm: uninitialized urandom read (16 bytes read, 7 bits of entropy available)
[   12.504596] random: udevadm: uninitialized urandom read (16 bytes read, 7 bits of entropy available)
[   12.504635] random: udevadm: uninitialized urandom read (16 bytes read, 7 bits of entropy available)
[   12.504671] random: udevadm: uninitialized urandom read (16 bytes read, 7 bits of entropy available)
[   12.712587] e1000: Intel(R) PRO/1000 Network Driver - version 7.3.21-k8-NAPI
[   12.716940] e1000: Copyright (c) 1999-2006 Intel Corporation.
[   12.724010] Fusion MPT base driver 3.04.20
[   12.728740] Copyright (c) 1999-2008 LSI Corporation
[   12.740405] Fusion MPT SPI Host driver 3.04.20
[   12.747022] AVX version of gcm_enc/dec engaged.
[   12.753371] AES CTR mode by8 optimization enabled
[   12.936133] input: ImExPS/2 Generic Explorer Mouse as /devices/platform/i8042/serio1/input/input4
[   13.122140] e1000 0000:00:03.0 eth0: (PCI:33MHz:32-bit) 02:04:e4:df:e4:d8
[   13.177730] e1000 0000:00:03.0 eth0: Intel(R) PRO/1000 Network Connection
[   13.674139] e1000 0000:00:08.0 eth1: (PCI:33MHz:32-bit) 08:00:27:1c:3a:07
[   13.700861] e1000 0000:00:08.0 eth1: Intel(R) PRO/1000 Network Connection
[   13.760763] e1000 0000:00:08.0 enp0s8: renamed from eth1
[   13.760968] mptbase: ioc0: Initiating bringup
[   13.905404] e1000 0000:00:03.0 enp0s3: renamed from eth0
[   13.997297] ioc0: LSI53C1030 A0: Capabilities={Initiator}
[   14.244050] scsi host2: ioc0: LSI53C1030 A0, FwRev=00000000h, Ports=1, MaxQ=256, IRQ=20
[   14.484761] scsi 2:0:0:0: Direct-Access     VBOX     HARDDISK         1.0  PQ: 0 ANSI: 5
[   14.587415] scsi target2:0:0: Beginning Domain Validation
[   14.655772] scsi target2:0:0: Domain Validation skipping write tests
[   14.765653] scsi target2:0:0: Ending Domain Validation
[   14.815544] scsi target2:0:0: asynchronous
[   14.825265] scsi 2:0:1:0: Direct-Access     VBOX     HARDDISK         1.0  PQ: 0 ANSI: 5
[   14.956921] scsi target2:0:1: Beginning Domain Validation
[   15.001417] scsi target2:0:1: Domain Validation skipping write tests
[   15.127599] scsi target2:0:1: Ending Domain Validation
[   15.133875] scsi target2:0:1: asynchronous
[   15.150877] sd 2:0:0:0: [sda] 20971520 512-byte logical blocks: (10.7 GB/10.0 GiB)
[   15.181239] sd 2:0:0:0: Attached scsi generic sg0 type 0
[   15.181862] sd 2:0:1:0: Attached scsi generic sg1 type 0
[   15.269157] sd 2:0:1:0: [sdb] 20480 512-byte logical blocks: (10.5 MB/10.0 MiB)
[   15.334797] sd 2:0:1:0: [sdb] Write Protect is off
[   15.386881] sd 2:0:0:0: [sda] Write Protect is off
[   15.427360] sd 2:0:1:0: [sdb] Incomplete mode parameter data
[   15.427421] sd 2:0:0:0: [sda] Incomplete mode parameter data
[   15.427423] sd 2:0:0:0: [sda] Assuming drive cache: write through
[   15.573850] sd 2:0:1:0: [sdb] Assuming drive cache: write through
[   15.579176]  sda: sda1
[   15.608921] sd 2:0:1:0: [sdb] Attached SCSI disk
[   15.665827] sd 2:0:0:0: [sda] Attached SCSI disk
[   15.729010] floppy0: no floppy controllers found
Begin: Loading e[   17.220326] md: linear personality registered for level -1
ssential drivers[   17.278836] md: multipath personality registered for level -4
 ... [   17.383300] md: raid0 personality registered for level 0
[   17.456971] md: raid1 personality registered for level 1
[   17.533023] raid6: sse2x1   gen()  6983 MB/s
[   17.621357] raid6: sse2x1   xor()  5518 MB/s
[   17.737303] raid6: sse2x2   gen()  8900 MB/s
[   17.840895] raid6: sse2x2   xor()  6197 MB/s
[   17.932889] raid6: sse2x4   gen() 10256 MB/s
[   18.000907] raid6: sse2x4   xor()  6230 MB/s
[   18.013139] raid6: using algorithm sse2x4 gen() 10256 MB/s
[   18.021664] raid6: .... xor() 6230 MB/s, rmw enabled
[   18.029225] raid6: using ssse3x2 recovery algorithm
[   18.040541] xor: automatically using best checksumming function:
[   18.112983]    avx       : 16861.000 MB/sec
[   18.156079] async_tx: api initialized (async)
[   18.219592] md: raid6 personality registered for level 6
[   18.229865] md: raid5 personality registered for level 5
[   18.231491] md: raid4 personality registered for level 4
[   18.239612] md: raid10 personality registered for level 10
done.
Begin: Running /scripts/init-premount ... done.
Begin: Mounting root file system ... Begin: Running /scripts/local-top ... done.
Begin: Running /scripts/loc[   18.299132] Btrfs loaded
al-premount ... Scanning for Btrfs filesystems
done.
Warning: fsck not present, so skipping root file[   18.417310] EXT4-fs (sda1): mounted filesystem with ordered data mode. Opts: (null)
 system
done.
Begin: Running /scripts/local-bottom ... done.
Begin: Running /scripts/init-bottom ... done.
[   18.853065] systemd[1]: systemd 229 running in system mode. (+PAM +AUDIT +SELINUX +IMA +APPARMOR +SMACK +SYSVINIT +UTMP +LIBCRYPTSETUP +GCRYPT +GNUTLS +ACL +XZ -LZ4 +SECCOMP +BLKID +ELFUTILS +KMOD -IDN)
[   19.050776] systemd[1]: Detected virtualization oracle.
[   19.121288] systemd[1]: Detected architecture x86-64.

Welcome to [1mUbuntu 16.04.3 LTS[0m!

[   19.157695] systemd[1]: Set hostname to <ubuntu>.
[   19.172235] systemd[1]: Initializing machine ID from random generator.
[   19.199522] systemd[1]: Installed transient /etc/machine-id file.
[   19.877853] systemd[1]: Listening on /dev/initctl Compatibility Named Pipe.
[[0;32m  OK  [0m] Listening on /dev/initctl Compatibility Named Pipe.
[   19.987016] systemd[1]: Set up automount Arbitrary Executable File Formats File System Automount Point.
[[0;32m  OK  [0m] Set up automount Arbitrary Executab...ats File System Automount Point.
[   20.131226] systemd[1]: Listening on Journal Socket.
[[0;32m  OK  [0m] Listening on Journal Socket.
[   20.157595] systemd[1]: Reached target Swap.
[[0;32m  OK  [0m] Reached target Swap.
[   20.229248] systemd[1]: Listening on udev Kernel Socket.
[[0;32m  OK  [0m] Listening on udev Kernel Socket.
[   20.257264] systemd[1]: Listening on Device-mapper event daemon FIFOs.
[[0;32m  OK  [0m] Listening on Device-mapper event daemon FIFOs.
[   20.300249] systemd[1]: Listening on Syslog Socket.
[[0;32m  OK  [0m] Listening on Syslog Socket.
[   20.325493] systemd[1]: Created slice User and Session Slice.
[[0;32m  OK  [0m] Created slice User and Session Slice.
[   20.357943] systemd[1]: Listening on udev Control Socket.
[[0;32m  OK  [0m] Listening on udev Control Socket.
[   20.413833] systemd[1]: Listening on Journal Audit Socket.
[[0;32m  OK  [0m] Listening on Journal Audit Socket.
[   20.489156] systemd[1]: Listening on LVM2 metadata daemon socket.
[[0;32m  OK  [0m] Listening on LVM2 metadata daemon socket.
[   20.577414] systemd[1]: Reached target Encrypted Volumes.
[[0;32m  OK  [0m] Reached target Encrypted Volumes.
[   20.701348] systemd[1]: Started Forward Password Requests to Wall Directory Watch.
[[0;32m  OK  [0m] Started Forward Password Requests to Wall Directory Watch.
[   20.785566] systemd[1]: Listening on LVM2 poll daemon socket.
[[0;32m  OK  [0m] Listening on LVM2 poll daemon socket.
[   20.893841] systemd[1]: Created slice System Slice.
[[0;32m  OK  [0m] Created slice System Slice.
[   20.973191] systemd[1]: Mounting Debug File System...
[   20.974526] random: nonblocking pool is initialized
         Mounting Debug File System...
[   21.125427] systemd[1]: Starting Create list of required static device nodes for the current kernel...
         Starting Create list of required st... nodes for the current kernel...
[   21.285273] systemd[1]: Created slice system-serial\x2dgetty.slice.
[[0;32m  OK  [0m] Created slice system-serial\x2dgetty.slice.
[   21.385336] systemd[1]: Starting Nameserver information manager...
         Starting Nameserver information manager...
[   21.433469] systemd[1]: Mounting POSIX Message Queue File System...
         Mounting POSIX Message Queue File System...
[   21.486342] systemd[1]: Starting Load Kernel Modules...
         Starting Load Kernel Modules...
[   21.510585] Loading iSCSI transport class v2.0-870.
[   21.611575] iscsi: registered transport (tcp)
[   21.613215] systemd[1]: Starting Remount Root and Kernel File Systems...
         Starting Remount Root and Kernel File Systems...
[   21.622218] EXT4-fs (sda1): re-mounted. Opts: (null)
[   21.634267] systemd[1]: Listening on Journal Socket (/dev/log).
[[0;32m  OK  [0m] Listening on Journal Socket (/dev/log).
[   21.696437] iscsi: registered transport (iser)
[   21.777523] systemd[1]: Starting Set console keymap...
         Starting Set console keymap...
[   21.813375] systemd[1]: Reached target Slices.
[[0;32m  OK  [0m] Reached target Slices.
[   21.845725] systemd[1]: Mounting Huge Pages File System...
         Mounting Huge Pages File System...
[   21.897769] systemd[1]: Starting Journal Service...
         Starting Journal Service...
[   21.941362] systemd[1]: Started Trigger resolvconf update for networkd DNS.
[[0;32m  OK  [0m] Started Trigger resolvconf update for networkd DNS.
[   22.101877] systemd[1]: Starting Monitoring of LVM2 mirrors, snapshots etc. using dmeventd or progress polling...
         Starting Monitoring of LVM2 mirrors... dmeventd or progress polling...
[   22.261956] systemd[1]: Reached target User and Group Name Lookups.
[[0;32m  OK  [0m] Reached target User and Group Name Lookups.
[   22.409105] systemd[1]: Starting Uncomplicated firewall...
         Starting Uncomplicated firewall...
[   22.498621] systemd[1]: Mounted Huge Pages File System.
[[0;32m  OK  [0m] Mounted Huge Pages File System.
[   22.545336] systemd[1]: Mounted POSIX Message Queue File System.
[[0;32m  OK  [0m] Mounted POSIX Message Queue File System.
[   22.585287] systemd[1]: Mounted Debug File System.
[[0;32m  OK  [0m] Mounted Debug File System.
[   22.621838] systemd[1]: Started Journal Service.
[[0;32m  OK  [0m] Started Journal Service.
[[0;32m  OK  [0m] Started Create list of required sta...ce nodes for the current kernel.
[[0;32m  OK  [0m] Started Load Kernel Modules.
[[0;32m  OK  [0m] Started Remount Root and Kernel File Systems.
[[0;32m  OK  [0m] Started Set console keymap.
[[0;32m  OK  [0m] Started Uncomplicated firewall.
[[0;32m  OK  [0m] Started Nameserver information manager.
[[0;32m  OK  [0m] Started LVM2 metadata daemon.
         Starting Initial cloud-init job (pre-networking)...
         Starting udev Coldplug all Devices...
         Starting Load/Save Random Seed...
         Mounting FUSE Control File System...
         Starting Apply Kernel Variables...
         Starting Create Static Device Nodes in /dev...
         Starting Flush Journal to Persistent Storage...
[[0;32m  OK  [0m] Mounted FUSE Control File System.
[[0;32m  OK  [0m] Started Load/Save Random Seed.
[[0;32m  OK  [0m] Started Apply Kernel Variables.
[[0;32m  OK  [0m] Started Create Static Device Nodes in /dev.
[[0;32m  OK  [0m] Started udev Coldplug all Devices.
[[0;32m  OK  [0m] Started Flush Journal to Persistent Storage.
         Starting udev Kernel Device Manager...
[[0;32m  OK  [0m] Started Monitoring of LVM2 mirrors,...ng dmeventd or progress polling.
[[0;32m  OK  [0m] Started udev Kernel Device Manager.
[[0;32m  OK  [0m] Reached target Local File Systems (Pre).
[[0;32m  OK  [0m] Reached target Local File Systems.
         Starting Create Volatile Files and Directories...
         Starting Tell Plymouth To Write Out Runtime Data...
         Starting LSB: AppArmor initialization...
         Starting Commit a transient machine-id on disk...
         Starting Set console font and keymap...
[[0;32m  OK  [0m] Started Dispatch Password Requests to Console Directory Watch.
[[0;32m  OK  [0m] Started Create Volatile Files and Directories.
[[0;32m  OK  [0m] Started Tell Plymouth To Write Out Runtime Data.
[[0;32m  OK  [0m] Started Commit a transient machine-id on disk.
[[0;32m  OK  [0m] Found device /dev/ttyS0.
         Starting Update UTMP about System Boot/Shutdown...
[[0;32m  OK  [0m] Reached target System Time Synchronized.
[[0;32m  OK  [0m] Started Update UTMP about System Boot/Shutdown.
[[0;32m  OK  [0m] Started LSB: AppArmor initialization.
[[0;32m  OK  [0m] Listening on Load/Save RF Kill Switch Status /dev/rfkill Watch.
[   20.503417] cloud-init[440]: Cloud-init v. 0.7.9 running 'init-local' at Wed, 20 Sep 2017 11:09:32 +0000. Up 20.04 seconds.
[[0;32m  OK  [0m] Started Set console font and keymap.
[[0;32m  OK  [0m] Started Initial cloud-init job (pre-networking).
[[0;32m  OK  [0m] Reached target Network (Pre).
         Starting Raise network interfaces...
[[0;32m  OK  [0m] Created slice system-getty.slice.
[[0;32m  OK  [0m] Started Raise network interfaces.
[[0;32m  OK  [0m] Reached target Network.
         Starting Initial cloud-init job (metadata service crawler)...
[   23.561974] cloud-init[934]: Cloud-init v. 0.7.9 running 'init' at Wed, 20 Sep 2017 11:09:34 +0000. Up 22.46 seconds.
[   23.586362] cloud-init[934]: ci-info: +++++++++++++++++++++++++++++++++++++Net device info++++++++++++++++++++++++++++++++++++++
[   23.616893] cloud-init[934]: ci-info: +--------+-------+---------------------------+---------------+-------+-------------------+
[   23.674795] cloud-init[934]: ci-info: | Device |   Up  |          Address          |      Mask     | Scope |     Hw-Address    |
[[0;32m  OK  [0m] Started Initial cloud-init job (metadata service crawler).
[   23.675546] cloud-init[934]: ci-info: +--------+-------+---------------------------+---------------+-------+-------------------+
[   23.796833] [cloud-init[0;32m  OK  [0m[934]: ] ci-info: | enp0s3 |  True |         10.0.2.15         | 255.255.255.0 |   .   | 02:04:e4:df:e4:d8 |Reached target Network is Online.

[   23.797664] cloud-init[934]: ci-info: | enp0s3 |  True | fe80::4:e4ff:fedf:e4d8/64 |       .       |  link | 02:04:e4:df:e4:d8 |
[   23.908251]          cloud-initStarting iSCSI initiator daemon (iscsid)...[934]: 
ci-info: | enp0s8 | False |             .             |       .       |   .   | 08:00:27:1c:3a:07 |
[[0;32m  OK  [0m] Reached target System Initialization.
[[0;32m  OK  [0m] Listening on ACPID Listen Socket.
[   23.909063] cloud-init[934]: ci-info: |   lo   |  True |         127.0.0.1         |   255.0.0.0   |   .   |         .         |
[   24.088795] cloud-init[934]: ci-info: |   lo   |  True |          ::1/128          |       .       |  host |         .         |
[[0;32m  OK  [0m] Started Daily Cleanup of Temporary Directories.
[   24.089702] cloud-init[934]: ci-info: +--------+-------+---------------------------+---------------+-------+-------------------+
[[0;32m  OK  [0m] Started ACPI Events Check.
[   24.221351] [cloud-init[0;32m  OK  [0m[934]: ] ci-info: +++++++++++++++++++++++++++Route IPv4 info++++++++++++++++++++++++++++Reached target Paths.

[   24.321382] [cloud-init[0;32m  OK  [0m[934]: ] ci-info: +-------+-------------+----------+---------------+-----------+-------+Listening on UUID daemon activation socket.

[   24.322106] [cloud-init[0;32m  OK  [0m[934]: ] ci-info: | Route | Destination | Gateway  |    Genmask    | Interface | Flags |Listening on D-Bus System Message Bus Socket.

[[0;32m  OK  [0m] Started Daily apt download activities.
[[0;32m  OK  [0m] Started Daily apt upgrade and clean activities.
[   24.425603] cloud-init[934]: ci-info: +-------+-------------+----------+---------------+-----------+-------+
[   24.584291]          Starting LXD - unix socket.
[[0;32m  OK  [0m] Started Timer to automatically refresh installed snaps.
[[0;32m  OK  [0m] Reached target Timers.
         Starting Socket activation for snappy daemon.
cloud-init[934]: ci-info: |   0   |   0.0.0.0   | 10.0.2.2 |    0.0.0.0    |   enp0s3  |   UG  |
[[0;32m  OK  [0m] Reached target Cloud-config availability.
[   24.586313] cloud-init[934]: ci-info: |   1   |   10.0.2.0  | 0.0.0.0  | 255.255.255.0 |   enp0s3  |   U   |
[   24.756425] cloud-init[934]: ci-info: +-------+-------------+----------+---------------+-----------+-------+
[   24.783511] cloud-init[934]: Generating public/private rsa key pair.
[[0;32m  OK  [0m] Listening on LXD - unix socket.
[[0;32m  OK  [0m] Listening on Socket activation for snappy daemon.
[[0;32m  OK  [0m] Started iSCSI initiator daemon (iscsid).
[   24.811801] cloud-init[934]: Your identification has been saved in /etc/ssh/ssh_host_rsa_key.
[   24.960485] cloud-init[934]: Your public key has been saved in /etc/ssh/ssh_host_rsa_key.pub.
         Starting Login to default iSCSI targets...
[[0;32m  OK  [0m] Reached target Sockets.
[[0;32m  OK  [0m] Reached target Basic System.
[   24.991222] cloud-init[934]: The key fingerprint is:
         Starting System Logging Service...
[   25.096198] cloud-init[934]: SHA256:lD3IPI1pkLxEdIncAX6RsqGGNVSq/f2eMtW6m+PIqT4 root@ubuntu-xenial
         Starting Pollinate to seed the pseudo random number generator...
[   25.179296] cloud-init[934]: The key's randomart image is:
         Starting /etc/rc.local Compatibility...
[   25.256685] cloud-init[934]: +---[RSA 2048]----+
[   25.336519]          cloud-initStarting Apply the settings specified in cloud-config...[934]: 
|   ..**=++       |
[   25.412562] cloud-init[934]: |    ooO=+O       |
[[0;32m  OK  [0m] Started D-Bus System Message Bus.
[   25.414187] cloud-init[934]: |   o.+.=% +      |
[   25.480441]          cloud-initStarting LSB: MD monitoring daemon...[934]: 
|  .oo o+ . .     |
[[0;32m  OK  [0m] Started FUSE filesystem for LXC.
[   25.562543] cloud-init[934]: |  ...   S  .     |
[[0;32m  OK  [0m] Started Deferred execution scheduler.
[   25.623865] cloud-init[934]: |     . .  . .    |
[   25.660612] cloud-init[934]: |      . .. .     |
         Starting Login Service...
[   25.680224] cloud-init[934]: |      E.o+oo     |
[   25.706969] cloud-init[934]: |     .oo+=O+     |
[[0;32m  OK  [0m] Started Regular background program processing daemon.
[   25.709213] cloud-init[934]: +----[SHA256]-----+
[   25.753684] cloud-init[934]: Generating public/private dsa key pair.
[   25.784267] cloud-init[934]: Your identification has been saved in /etc/ssh/ssh_host_dsa_key.
[   25.784594] cloud-init[934]: Your public key has been saved in /etc/ssh/ssh_host_dsa_key.pub.
[   25.784753] cloud-init[934]: The key fingerprint is:
[   25.784828] cloud-init[934]: SHA256:2JsN+AZul6QvRHD7SoOvwvdT3r16DIyFjYot5MG286o root@ubuntu-xenial
[   25.784898] cloud-init[934]: The key's randomart image is:
[   25.784971] cloud-init[934]: +---[DSA 1024]----+
[   25.785035] cloud-init[934]: |                 |
[   25.785095] cloud-init[934]: |    . .          |
[[0;32m  OK  [0m] Started ACPI event daemon.
[[0;32m  OK  [0m] Started Unattended Upgrades Shutdown.
[   25.785173] cloud-init[934]: |   . o . +       |
[   25.919201] cloud-init[934]: |    = o+o o      |
         Starting LSB: Record successful boot for GRUB...
[   25.949279] cloud-init[934]: |   + B+oS+       |
[   26.003569] cloud-init[934]: |    B.*=+*o      |
         Starting Accounts Service...
[   26.005002] cloud-init[934]: | .   B+=B..+     |
[   26.068404]          cloud-initStarting LXD - container startup/shutdown...[934]: 
|  o ..*+. . +    |
[   26.083975] [cloud-init[0;32m  OK  [0m[934]: ] |  E+o+.o. .o..   |Started Snappy daemon.

[   26.084712] cloud-init[934]: +----[SHA256]-----+
[   26.113209]          cloud-initStarting Auto import assertions from block devices...[934]: 
Generating public/private ecdsa key pair.
[[0;32m  OK  [0m] Started System Logging Service.
[   26.198272] cloud-init[934]: Your identification has been saved in /etc/ssh/ssh_host_ecdsa_key.
[[0;32m  OK  [0m] Started Pollinate to seed the pseudo random number generator.
[[0;32m  OK  [0m] Started /etc/rc.local Compatibility.
[[0;32m  OK  [0m] Started Auto import assertions from block devices.
[   26.249263] cloud-init[934]: Your public key has been saved in /etc/ssh/ssh_host_ecdsa_key.pub.
[   26.315125] cloud-init[934]: The key fingerprint is:
[   26.332490] cloud-init[934]: SHA256:Br9W9NgbLki4ymXC7mPW+McOk4D/hpUtB6xYjWDFDCs root@ubuntu-xenial
[   26.346834] cloud-init[934]: The key's randomart image is:
[   26.356860] cloud-init[934]: +---[ECDSA 256]---+
[   26.371527] cloud-init[934]: |  .=.            |
[   26.377159] cloud-init[934]: |  o.o            |
[   26.395088] cloud-init[934]: |E... +.   .      |
[[0;32m  OK  [0m] Started LXD - container startup/shutdown.
[   26.423324] cloud-init[934]: | . .o ++ . +     |
[   26.467538] cloud-init[934]: |  .o...+S o +    |
[   26.488833] cloud-init[934]: |  .o..+=o+ . o   |
[[0;32m  OK  [0m] Started Login to default iSCSI targets.
[   26.503541] cloud-init[934]: |    +=B++ . o    |
[   26.530859] cloud-init[934]: |   o**o+o  .     |
[   26.552486] cloud-init[934]: |   +=+oo.        |
[   26.564122] cloud-init[934]: +----[SHA256]-----+
[   26.569695] cloud-init[934]: Generating public/private ed25519 key pair.
[   26.580588] cloud-init[934]: Your identification has been saved in /etc/ssh/ssh_host_ed25519_key.
[   26.581237] cloud-init[934]: Your public key has been saved in /etc/ssh/ssh_host_ed25519_key.pub.
[[0;32m  OK  [0m] Started LSB: Record successful boot for GRUB.
[   26.581517] cloud-init[934]: The key fingerprint is:
[[   26.632573] cloud-init[934]: SHA256:xnTbQ0XyqfW5Yi7XaWWcB5Z85RqvLdcEegUq2ULIKvI root@ubuntu-xenial
[   26.633693] cloud-init[934]: The key's randomart image is:
[0;32m  OK  [0m] Started LSB: MD monitoring daemon.
[   26.634148] cloud-init[934]: +--[ED25519 256]--+
[   26.685870] cloud-init[934]: |       . .  ..o  |
[   26.704654] cloud-init[934]: |        o .  +...|
[   26.722884] [cloud-init[0;32m  OK  [0m[934]: ] |       ....o.o++.|Started Login Service.

[   26.723938] cloud-init[934]: |  . . .o .++ooB.=|
[   26.734914] cloud-init[934]: |   o .  S .o+o @o|
[   26.757802] cloud-init[934]: |    E  .    ..o.O|
[   26.773864] cloud-init[934]: |             +.*=|
         Starting Authenticate and Authorize Users to Run Privileged Tasks...
[[0;32m  OK  [0m[   26.777753] cloud-init[934]: |           .o.+++|
] Reached target Remote File Systems (Pre).
[   26.817916] cloud-init[934]: |            o..o |
[   26.837397] cloud-init[934]: +----[SHA256]-----+
[[0;32m  OK  [0m] Reached target Remote File Systems.
[   26.846787] cloud-init[1062]: Generating locales (this might take a while)...
         Starting LSB: Set the CPU Frequency Scaling governor to "ondemand"...
         Starting Permit User Sessions...
         Starting LSB: automatic crash report generation...
         Starting LSB: VirtualBox Linux Additions...
         Starting LSB: daemon to balance interrupts for SMP systems...
         Starting OpenBSD Secure Shell server...
[[0;32m  OK  [0m] Started Permit User Sessions.
[[0;32m  OK  [0m] Started Authenticate and Authorize Users to Run Privileged Tasks.
[[0;32m  OK  [0m] Started OpenBSD Secure Shell server.
[[0;32m  OK  [0m] Started Accounts Service.
[[0;32m  OK  [0m] Started LSB: Set the CPU Frequency Scaling governor to "ondemand".
         Starting Hold until boot process finishes up...
         Starting Terminate Plymouth Boot Screen...
[[0;32m  OK  [0m] Started Hold until boot process finishes up.
[[0;32m  OK  [0m] Started Terminate Plymouth Boot Screen.
[[0;32m  OK  [0m] Started LSB: automatic crash report generation.
[[0;32m  OK  [0m] Started LSB: daemon to balance interrupts for SMP systems.
         Starting Set console scheme...
[[0;32m  OK  [0m] Started Serial Getty on ttyS0.
[[0;32m  OK  [0m] Started Getty on tty1.
[[0;32m  OK  [0m] Reached target Login Prompts.
[[0;32m  OK  [0m] Started Set console scheme.
[[0;32m  OK  [0m] Started LSB: VirtualBox Linux Additions.
[[0;32m  OK  [0m] Reached target Multi-User System.
[[0;32m  OK  [0m] Reached target Graphical Interface.
         Starting Update UTMP about System Runlevel Changes...
[[0;32m  OK  [0m] Started Update UTMP about System Runlevel Changes.
[   28.577002] cloud-init[1062]:   en_US.UTF-8... done
[   28.592956] cloud-init[1062]: Generation complete.
         Stopping OpenBSD Secure Shell server...
[[0;32m  OK  [0m] Stopped OpenBSD Secure Shell server.
         Starting OpenBSD Secure Shell server...
[[0;32m  OK  [0m] Started OpenBSD Secure Shell server.
[[0;32m  OK  [0m] Created slice User Slice of ubuntu.
         Starting User Manager for UID 1000...
[[0;32m  OK  [0m] Started Session 1 of user ubuntu.
[[0;32m  OK  [0m] Started User Manager for UID 1000.
[   29.578306] cloud-init[1062]: Cloud-init v. 0.7.9 running 'modules:config' at Wed, 20 Sep 2017 11:09:38 +0000. Up 26.23 seconds.
[[0;32m  OK  [0m] Started Apply the settings specified in cloud-config.
         Starting Execute cloud user/final scripts...
ci-info: no authorized ssh keys fingerprints found for user ubuntu.
<14>Sep 20 11:09:42 ec2: 
<14>Sep 20 11:09:42 ec2: #############################################################
<14>Sep 20 11:09:42 ec2: -----BEGIN SSH HOST KEY FINGERPRINTS-----
<14>Sep 20 11:09:42 ec2: 1024 SHA256:2JsN+AZul6QvRHD7SoOvwvdT3r16DIyFjYot5MG286o root@ubuntu-xenial (DSA)
<14>Sep 20 11:09:42 ec2: 256 SHA256:Br9W9NgbLki4ymXC7mPW+McOk4D/hpUtB6xYjWDFDCs root@ubuntu-xenial (ECDSA)
<14>Sep 20 11:09:42 ec2: 256 SHA256:xnTbQ0XyqfW5Yi7XaWWcB5Z85RqvLdcEegUq2ULIKvI root@ubuntu-xenial (ED25519)
<14>Sep 20 11:09:42 ec2: 2048 SHA256:lD3IPI1pkLxEdIncAX6RsqGGNVSq/f2eMtW6m+PIqT4 root@ubuntu-xenial (RSA)
<14>Sep 20 11:09:42 ec2: -----END SSH HOST KEY FINGERPRINTS-----
<14>Sep 20 11:09:42 ec2: #############################################################
-----BEGIN SSH HOST KEY KEYS-----
ecdsa-sha2-nistp256 AAAAE2VjZHNhLXNoYTItbmlzdHAyNTYAAAAIbmlzdHAyNTYAAABBBL1zm9qP88d7wNQ020I35cfTjKJy2PjDlvaTv6Ak5VQ4CqT+OKmr4NPh6hjoJsvg1d9h8Z2cdf8zUjGSQUJfD4Q= root@ubuntu-xenial
ssh-ed25519 AAAAC3NzaC1lZDI1NTE5AAAAIHwoyKN/4dx8NJ/Br0M5NrMoTC0AwbtgPL4MTAjIt0Q+ root@ubuntu-xenial
ssh-rsa AAAAB3NzaC1yc2EAAAADAQABAAABAQC4o8XRFaekjvNw0NFHYIP+pZ2siK683zBXJorx6MWTd61rhbB/kjtjziYVTuM0eGCDZYk+i4sRO9UGyOS766KLKqWP78McJkGOg9QUCyvQHIsu6WkASMEJ9+lTkJ3Rh0mS3kd3L7tvtvCra+f7gKwLfvXLRtrHvtUHQeVUTomxC362Tf07GAzqaCTaZPOcJn7/i18DjvrMKEhaKZMy3NNDvBpzbnJn75IK2FZsdThZXf9JURdZ9cORqFodaek5U0REmP+rI+zAPC85j89kN0L0IL2kEkpBougulO3+IF01WwvzAeP0dkV9b3wmKXHMGVkBKHXdyZ1XOm9kuWrps5kB root@ubuntu-xenial
-----END SSH HOST KEY KEYS-----
[   30.795545] cloud-init[1381]: Cloud-init v. 0.7.9 running 'modules:final' at Wed, 20 Sep 2017 11:09:42 +0000. Up 30.20 seconds.
[   30.812697] cloud-init[1381]: ci-info: no authorized ssh keys fingerprints found for user ubuntu.
[   30.820594] cloud-init[1381]: Cloud-init v. 0.7.9 finished at Wed, 20 Sep 2017 11:09:43 +0000. Datasource DataSourceNoCloud [seed=/dev/sdb][dsmode=net].  Up 30.78 seconds
[[0;32m  OK  [0m] Started Execute cloud user/final scripts.
[[0;32m  OK  [0m] Reached target Cloud-init target.

Ubuntu 16.04.3 LTS ubuntu-xenial ttyS0

ubuntu-xenial login: 