[    0.000000] Initializing cgroup subsys cpuset
[    0.000000] Initializing cgroup subsys cpu
[    0.000000] Initializing cgroup subsys cpuacct
[    0.000000] Linux version 4.4.0-93-generic (buildd@lgw01-03) (gcc version 5.4.0 20160609 (Ubuntu 5.4.0-6ubuntu1~16.04.4) ) #116-Ubuntu SMP Fri Aug 11 21:17:51 UTC 2017 (Ubuntu 4.4.0-93.116-generic 4.4.79)
[    0.000000] Command line: BOOT_IMAGE=/boot/vmlinuz-4.4.0-93-generic root=LABEL=cloudimg-rootfs ro console=tty1 console=ttyS0
[    0.000000] KERNEL supported cpus:
[    0.000000]   Intel GenuineIntel
[    0.000000]   AMD AuthenticAMD
[    0.000000]   Centaur CentaurHauls
[    0.000000] x86/fpu: xstate_offset[2]:  576, xstate_sizes[2]:  256
[    0.000000] x86/fpu: Supporting XSAVE feature 0x01: 'x87 floating point registers'
[    0.000000] x86/fpu: Supporting XSAVE feature 0x02: 'SSE registers'
[    0.000000] x86/fpu: Supporting XSAVE feature 0x04: 'AVX registers'
[    0.000000] x86/fpu: Enabled xstate features 0x7, context size is 832 bytes, using 'standard' format.
[    0.000000] x86/fpu: Using 'lazy' FPU context switches.
[    0.000000] e820: BIOS-provided physical RAM map:
[    0.000000] BIOS-e820: [mem 0x0000000000000000-0x000000000009fbff] usable
[    0.000000] BIOS-e820: [mem 0x000000000009fc00-0x000000000009ffff] reserved
[    0.000000] BIOS-e820: [mem 0x00000000000f0000-0x00000000000fffff] reserved
[    0.000000] BIOS-e820: [mem 0x0000000000100000-0x000000003ffeffff] usable
[    0.000000] BIOS-e820: [mem 0x000000003fff0000-0x000000003fffffff] ACPI data
[    0.000000] BIOS-e820: [mem 0x00000000fec00000-0x00000000fec00fff] reserved
[    0.000000] BIOS-e820: [mem 0x00000000fee00000-0x00000000fee00fff] reserved
[    0.000000] BIOS-e820: [mem 0x00000000fffc0000-0x00000000ffffffff] reserved
[    0.000000] NX (Execute Disable) protection: active
[    0.000000] SMBIOS 2.5 present.
[    0.000000] Hypervisor detected: KVM
[    0.000000] e820: last_pfn = 0x3fff0 max_arch_pfn = 0x400000000
[    0.000000] MTRR: Disabled
[    0.000000] x86/PAT: MTRRs disabled, skipping PAT initialization too.
[    0.000000] CPU MTRRs all blank - virtualized system.
[    0.000000] x86/PAT: Configuration [0-7]: WB  WT  UC- UC  WB  WT  UC- UC  
[    0.000000] found SMP MP-table at [mem 0x0009fff0-0x0009ffff] mapped at [ffff88000009fff0]
[    0.000000] Scanning 1 areas for low memory corruption
[    0.000000] RAMDISK: [mem 0x36ac4000-0x37559fff]
[    0.000000] ACPI: Early table checksum verification disabled
[    0.000000] ACPI: RSDP 0x00000000000E0000 000024 (v02 VBOX  )
[    0.000000] ACPI: XSDT 0x000000003FFF0030 00003C (v01 VBOX   VBOXXSDT 00000001 ASL  00000061)
[    0.000000] ACPI: FACP 0x000000003FFF00F0 0000F4 (v04 VBOX   VBOXFACP 00000001 ASL  00000061)
[    0.000000] ACPI: DSDT 0x000000003FFF0470 0021C8 (v02 VBOX   VBOXBIOS 00000002 INTL 20100528)
[    0.000000] ACPI: FACS 0x000000003FFF0200 000040
[    0.000000] ACPI: FACS 0x000000003FFF0200 000040
[    0.000000] ACPI: APIC 0x000000003FFF0240 00005C (v02 VBOX   VBOXAPIC 00000001 ASL  00000061)
[    0.000000] ACPI: SSDT 0x000000003FFF02A0 0001CC (v01 VBOX   VBOXCPUT 00000002 INTL 20100528)
[    0.000000] No NUMA configuration found
[    0.000000] Faking a node at [mem 0x0000000000000000-0x000000003ffeffff]
[    0.000000] NODE_DATA(0) allocated [mem 0x3ffeb000-0x3ffeffff]
[    0.000000] kvm-clock: Using msrs 4b564d01 and 4b564d00
[    0.000000] kvm-clock: cpu 0, msr 0:3ffe3001, primary cpu clock
[    0.000000] kvm-clock: using sched offset of 3301499877 cycles
[    0.000000] clocksource: kvm-clock: mask: 0xffffffffffffffff max_cycles: 0x1cd42e4dffb, max_idle_ns: 881590591483 ns
[    0.000000] Zone ranges:
[    0.000000]   DMA      [mem 0x0000000000001000-0x0000000000ffffff]
[    0.000000]   DMA32    [mem 0x0000000001000000-0x000000003ffeffff]
[    0.000000]   Normal   empty
[    0.000000]   Device   empty
[    0.000000] Movable zone start for each node
[    0.000000] Early memory node ranges
[    0.000000]   node   0: [mem 0x0000000000001000-0x000000000009efff]
[    0.000000]   node   0: [mem 0x0000000000100000-0x000000003ffeffff]
[    0.000000] Initmem setup node 0 [mem 0x0000000000001000-0x000000003ffeffff]
[    0.000000] ACPI: PM-Timer IO Port: 0x4008
[    0.000000] IOAPIC[0]: apic_id 2, version 32, address 0xfec00000, GSI 0-23
[    0.000000] ACPI: INT_SRC_OVR (bus 0 bus_irq 0 global_irq 2 dfl dfl)
[    0.000000] ACPI: INT_SRC_OVR (bus 0 bus_irq 9 global_irq 9 high level)
[    0.000000] Using ACPI (MADT) for SMP configuration information
[    0.000000] smpboot: Allowing 2 CPUs, 0 hotplug CPUs
[    0.000000] PM: Registered nosave memory: [mem 0x00000000-0x00000fff]
[    0.000000] PM: Registered nosave memory: [mem 0x0009f000-0x0009ffff]
[    0.000000] PM: Registered nosave memory: [mem 0x000a0000-0x000effff]
[    0.000000] PM: Registered nosave memory: [mem 0x000f0000-0x000fffff]
[    0.000000] e820: [mem 0x40000000-0xfebfffff] available for PCI devices
[    0.000000] Booting paravirtualized kernel on KVM
[    0.000000] clocksource: refined-jiffies: mask: 0xffffffff max_cycles: 0xffffffff, max_idle_ns: 7645519600211568 ns
[    0.000000] setup_percpu: NR_CPUS:512 nr_cpumask_bits:512 nr_cpu_ids:2 nr_node_ids:1
[    0.000000] PERCPU: Embedded 34 pages/cpu @ffff88003fc00000 s98328 r8192 d32744 u1048576
[    0.000000] PV qspinlock hash table entries: 256 (order: 0, 4096 bytes)
[    0.000000] Built 1 zonelists in Node order, mobility grouping on.  Total pages: 257913
[    0.000000] Policy zone: DMA32
[    0.000000] Kernel command line: BOOT_IMAGE=/boot/vmlinuz-4.4.0-93-generic root=LABEL=cloudimg-rootfs ro console=tty1 console=ttyS0
[    0.000000] PID hash table entries: 4096 (order: 3, 32768 bytes)
[    0.000000] Memory: 1001724K/1048120K available (8479K kernel code, 1294K rwdata, 3984K rodata, 1492K init, 1316K bss, 46396K reserved, 0K cma-reserved)
[    0.000000] SLUB: HWalign=64, Order=0-3, MinObjects=0, CPUs=2, Nodes=1
[    0.000000] Hierarchical RCU implementation.
[    0.000000] 	Build-time adjustment of leaf fanout to 64.
[    0.000000] 	RCU restricting CPUs from NR_CPUS=512 to nr_cpu_ids=2.
[    0.000000] RCU: Adjusting geometry for rcu_fanout_leaf=64, nr_cpu_ids=2
[    0.000000] NR_IRQS:33024 nr_irqs:440 16
[    0.000000] Console: colour VGA+ 80x25
[    0.000000] console [tty1] enabled
[    0.000000] console [ttyS0] enabled
[    0.000000] tsc: Detected 1599.999 MHz processor
[    2.479918] Calibrating delay loop (skipped) preset value.. 3199.99 BogoMIPS (lpj=6399996)
[    2.589238] pid_max: default: 32768 minimum: 301
[    2.646964] ACPI: Core revision 20150930
[    2.681166] ACPI: 2 ACPI AML tables successfully acquired and loaded
[    2.683041] Security Framework initialized
[    2.724072] Yama: becoming mindful.
[    2.769829] AppArmor: AppArmor initialized
[    2.813772] Dentry cache hash table entries: 131072 (order: 8, 1048576 bytes)
[    2.892097] Inode-cache hash table entries: 65536 (order: 7, 524288 bytes)
[    2.958243] Mount-cache hash table entries: 2048 (order: 2, 16384 bytes)
[    3.034594] Mountpoint-cache hash table entries: 2048 (order: 2, 16384 bytes)
[    3.132030] Initializing cgroup subsys io
[    3.168673] Initializing cgroup subsys memory
[    3.179996] Initializing cgroup subsys devices
[    3.226625] Initializing cgroup subsys freezer
[    3.275584] Initializing cgroup subsys net_cls
[    3.330161] Initializing cgroup subsys perf_event
[    3.387386] Initializing cgroup subsys net_prio
[    3.432140] Initializing cgroup subsys hugetlb
[    3.468098] Initializing cgroup subsys pids
[    3.471887] CPU: Physical Processor ID: 0
[    3.476568] CPU: Processor Core ID: 0
[    3.512891] mce: CPU supports 0 MCE banks
[    3.545696] Last level iTLB entries: 4KB 64, 2MB 8, 4MB 8
[    3.583598] Last level dTLB entries: 4KB 64, 2MB 0, 4MB 0, 1GB 4
[    3.587490] Freeing SMP alternatives memory: 32K (ffffffff820ba000 - ffffffff820c2000)
[    3.617320] ftrace: allocating 32136 entries in 126 pages
[    3.692726] smpboot: APIC(0) Converting physical 0 to logical package 0
[    3.705687] smpboot: Max logical packages: 1
[    3.716541] x2apic enabled
[    3.729738] Switched APIC routing to physical x2apic.
[    3.739238] ..TIMER: vector=0x30 apic1=0 pin1=2 apic2=-1 pin2=-1
[    3.847467] smpboot: CPU0: Intel(R) Core(TM) i5-5250U CPU @ 1.60GHz (family: 0x6, model: 0x3d, stepping: 0x4)
[    3.953722] Performance Events: unsupported p6 CPU model 61 no PMU driver, software events only.
[    4.084488] KVM setup paravirtual spinlock
[    4.135841] x86: Booting SMP configuration:
[    4.154090] .... node  #0, CPUs:      #1
[    4.156530] kvm-clock: cpu 1, msr 0:3ffe3041, secondary cpu clock
[    4.161554] mce: CPU supports 0 MCE banks
[    4.164371] x86: Booted up 1 node, 2 CPUs
[    4.204653] smpboot: Total of 2 processors activated (6399.99 BogoMIPS)
[    4.256710] devtmpfs: initialized
[    4.289766] evm: security.selinux
[    4.320345] evm: security.SMACK64
[    4.348270] evm: security.SMACK64EXEC
[    4.381764] evm: security.SMACK64TRANSMUTE
[    4.398127] evm: security.SMACK64MMAP
[    4.420400] evm: security.ima
[    4.437240] evm: security.capability
[    4.472292] clocksource: jiffies: mask: 0xffffffff max_cycles: 0xffffffff, max_idle_ns: 7645041785100000 ns
[    4.534198] futex hash table entries: 512 (order: 3, 32768 bytes)
[    4.570038] pinctrl core: initialized pinctrl subsystem
[    4.582974] RTC time: 15:26:54, date: 09/11/17
[    4.610979] NET: Registered protocol family 16
[    4.647885] cpuidle: using governor ladder
[    4.679706] cpuidle: using governor menu
[    4.704751] PCCT header not found.
[    4.733294] ACPI: bus type PCI registered
[    4.762285] acpiphp: ACPI Hot Plug PCI Controller Driver version: 0.5
[    4.813790] PCI: Using configuration type 1 for base access
[    4.834055] ACPI: Added _OSI(Module Device)
[    4.846468] ACPI: Added _OSI(Processor Device)
[    4.872390] ACPI: Added _OSI(3.0 _SCP Extensions)
[    4.878240] ACPI: Added _OSI(Processor Aggregator Device)
[    4.915833] ACPI: Executed 1 blocks of module-level executable AML code
[    4.969624] ACPI: Interpreter enabled
[    5.000500] ACPI: (supports S0 S5)
[    5.032293] ACPI: Using IOAPIC for interrupt routing
[    5.082502] PCI: Using host bridge windows from ACPI; if necessary, use "pci=nocrs" and report a bug
[    5.178478] ACPI: PCI Root Bridge [PCI0] (domain 0000 [bus 00-ff])
[    5.237224] acpi PNP0A03:00: _OSC: OS supports [ASPM ClockPM Segments MSI]
[    5.291491] acpi PNP0A03:00: _OSC failed (AE_NOT_FOUND); disabling ASPM
[    5.354239] acpi PNP0A03:00: fail to add MMCONFIG information, can't access extended PCI configuration space under this bridge.
[    5.438338] PCI host bridge to bus 0000:00
[    5.468936] pci_bus 0000:00: root bus resource [io  0x0000-0x0cf7 window]
[    5.542187] pci_bus 0000:00: root bus resource [io  0x0d00-0xffff window]
[    5.608804] pci_bus 0000:00: root bus resource [mem 0x000a0000-0x000bffff window]
[    5.655856] pci_bus 0000:00: root bus resource [mem 0x40000000-0xffdfffff window]
[    5.702799] pci_bus 0000:00: root bus resource [bus 00-ff]
[    5.706285] pci 0000:00:01.1: legacy IDE quirk: reg 0x10: [io  0x01f0-0x01f7]
[    5.741486] pci 0000:00:01.1: legacy IDE quirk: reg 0x14: [io  0x03f6]
[    5.776982] pci 0000:00:01.1: legacy IDE quirk: reg 0x18: [io  0x0170-0x0177]
[    5.812582] pci 0000:00:01.1: legacy IDE quirk: reg 0x1c: [io  0x0376]
[    5.841175] pci 0000:00:07.0: quirk: [io  0x4000-0x403f] claimed by PIIX4 ACPI
[    5.901387] pci 0000:00:07.0: quirk: [io  0x4100-0x410f] claimed by PIIX4 SMB
[    5.932053] ACPI: PCI Interrupt Link [LNKA] (IRQs 5 9 10 *11)
[    5.959673] ACPI: PCI Interrupt Link [LNKB] (IRQs 5 9 10 *11)
[    5.976725] ACPI: PCI Interrupt Link [LNKC] (IRQs 5 9 *10 11)
[    5.978494] ACPI: PCI Interrupt Link [LNKD] (IRQs 5 *9 10 11)
[    5.980297] ACPI: Enabled 2 GPEs in block 00 to 07
[    5.991809] vgaarb: setting as boot device: PCI:0000:00:02.0
[    6.042359] vgaarb: device added: PCI:0000:00:02.0,decodes=io+mem,owns=io+mem,locks=none
[    6.098557] vgaarb: loaded
[    6.114437] vgaarb: bridge control possible 0000:00:02.0
[    6.135800] SCSI subsystem initialized
[    6.166755] ACPI: bus type USB registered
[    6.201263] usbcore: registered new interface driver usbfs
[    6.232693] usbcore: registered new interface driver hub
[    6.247956] usbcore: registered new device driver usb
[    6.280231] PCI: Using ACPI for IRQ routing
[    6.313761] NetLabel: Initializing
[    6.338346] NetLabel:  domain hash size = 128
[    6.369191] NetLabel:  protocols = UNLABELED CIPSOv4
[    6.410694] NetLabel:  unlabeled traffic allowed by default
[    6.469708] amd_nb: Cannot enumerate AMD northbridges
[    6.507713] clocksource: Switched to clocksource kvm-clock
[    6.582361] AppArmor: AppArmor Filesystem Enabled
[    6.663203] pnp: PnP ACPI init
[    6.717514] pnp: PnP ACPI: found 3 devices
[    6.795371] clocksource: acpi_pm: mask: 0xffffff max_cycles: 0xffffff, max_idle_ns: 2085701024 ns
[    6.833459] NET: Registered protocol family 2
[    6.834950] TCP established hash table entries: 8192 (order: 4, 65536 bytes)
[    6.869352] TCP bind hash table entries: 8192 (order: 5, 131072 bytes)
[    6.930400] TCP: Hash tables configured (established 8192 bind 8192)
[    6.962217] UDP hash table entries: 512 (order: 2, 16384 bytes)
[    7.066815] UDP-Lite hash table entries: 512 (order: 2, 16384 bytes)
[    7.109344] NET: Registered protocol family 1
[    7.197233] pci 0000:00:00.0: Limiting direct PCI/PCI transfers
[    7.289913] pci 0000:00:01.0: Activating ISA DMA hang workarounds
[    7.427258] Unpacking initramfs...
[    9.595803] Freeing initrd memory: 10840K (ffff880036ac4000 - ffff88003755a000)
[    9.696796] RAPL PMU detected, API unit is 2^-32 Joules, 4 fixed counters 10737418240 ms ovfl timer
[    9.833464] hw unit of domain pp0-core 2^-0 Joules
[    9.834746] hw unit of domain package 2^-0 Joules
[    9.835988] hw unit of domain dram 2^-0 Joules
[    9.843117] hw unit of domain pp1-gpu 2^-0 Joules
[    9.902064] platform rtc_cmos: registered platform RTC device (no PNP device found)
[    9.904204] Scanning for low memory corruption every 60 seconds
[    9.922172] audit: initializing netlink subsys (disabled)
[    9.970720] audit: type=2000 audit(1505143619.228:1): initialized
[    9.991047] Initialise system trusted keyring
[   10.003776] HugeTLB registered 2 MB page size, pre-allocated 0 pages
[   10.012495] zbud: loaded
[   10.013645] VFS: Disk quotas dquot_6.6.0
[   10.044727] VFS: Dquot-cache hash table entries: 512 (order 0, 4096 bytes)
[   10.128981] squashfs: version 4.0 (2009/01/31) Phillip Lougher
[   10.134261] fuse init (API version 7.23)
[   10.153113] Key type big_key registered
[   10.159902] Allocating IMA MOK and blacklist keyrings.
[   10.206089] Key type asymmetric registered
[   10.210856] Asymmetric key parser 'x509' registered
[   10.217139] Block layer SCSI generic (bsg) driver version 0.4 loaded (major 249)
[   10.232778] io scheduler noop registered
[   10.238972] io scheduler deadline registered (default)
[   10.244913] io scheduler cfq registered
[   10.252970] pci_hotplug: PCI Hot Plug PCI Core version: 0.5
[   10.266226] pciehp: PCI Express Hot Plug Controller Driver version: 0.4
[   10.274805] ACPI: AC Adapter [AC] (on-line)
[   10.280311] input: Power Button as /devices/LNXSYSTM:00/LNXPWRBN:00/input/input0
[   10.285784] ACPI: Power Button [PWRF]
[   10.287633] input: Sleep Button as /devices/LNXSYSTM:00/LNXSLPBN:00/input/input1
[   10.298840] ACPI: Sleep Button [SLPF]
[   10.300562] GHES: HEST is not enabled!
[   10.302252] ACPI: Battery Slot [BAT0] (battery present)
[   10.306891] Serial: 8250/16550 driver, 32 ports, IRQ sharing enabled
[   10.340512] 00:02: ttyS0 at I/O 0x3f8 (irq = 4, base_baud = 115200) is a 16550A
[   10.354603] Linux agpgart interface v0.103
[   10.362031] loop: module loaded
[   10.395387] scsi host0: ata_piix
[   10.396916] scsi host1: ata_piix
[   10.397964] ata1: PATA max UDMA/33 cmd 0x1f0 ctl 0x3f6 bmdma 0xd000 irq 14
[   10.414062] ata2: PATA max UDMA/33 cmd 0x170 ctl 0x376 bmdma 0xd008 irq 15
[   10.418277] libphy: Fixed MDIO Bus: probed
[   10.422096] tun: Universal TUN/TAP device driver, 1.6
[   10.424925] tun: (C) 1999-2004 Max Krasnyansky <maxk@qualcomm.com>
[   10.426799] PPP generic driver version 2.4.2
[   10.468858] ehci_hcd: USB 2.0 'Enhanced' Host Controller (EHCI) Driver
[   10.521877] ehci-pci: EHCI PCI platform driver
[   10.592927] ehci-platform: EHCI generic platform driver
[   10.686065] ohci_hcd: USB 1.1 'Open' Host Controller (OHCI) Driver
[   10.781813] ohci-pci: OHCI PCI platform driver
[   10.849997] ohci-platform: OHCI generic platform driver
[   10.955831] tsc: Refined TSC clocksource calibration: 1599.287 MHz
[   11.049487] clocksource: tsc: mask: 0xffffffffffffffff max_cycles: 0x170d837007a, max_idle_ns: 440795274432 ns
[   11.049567] uhci_hcd: USB Universal Host Controller Interface driver
[   11.049693] i8042: PNP: PS/2 Controller [PNP0303:PS2K,PNP0f03:PS2M] at 0x60,0x64 irq 1,12
[   11.204247] serio: i8042 KBD port at 0x60,0x64 irq 1
[   11.204256] serio: i8042 AUX port at 0x60,0x64 irq 12
[   11.204478] mousedev: PS/2 mouse device common for all mice
[   11.204879] rtc_cmos rtc_cmos: rtc core: registered rtc_cmos as rtc0
[   11.204955] rtc_cmos rtc_cmos: alarms up to one day, 114 bytes nvram
[   11.204964] i2c /dev entries driver
[   11.205036] device-mapper: uevent: version 1.0.3
[   11.205101] device-mapper: ioctl: 4.34.0-ioctl (2015-10-28) initialised: dm-devel@redhat.com
[   11.205118] ledtrig-cpu: registered to indicate activity on CPUs
[   11.205458] NET: Registered protocol family 10
[   11.205729] NET: Registered protocol family 17
[   11.205739] Key type dns_resolver registered
[   11.230587] microcode: CPU0 sig=0x306d4, pf=0x40, revision=0x0
[   11.230606] microcode: CPU1 sig=0x306d4, pf=0x40, revision=0x0
[   11.230681] microcode: Microcode Update Driver: v2.01 <tigran@aivazian.fsnet.co.uk>, Peter Oruba
[   11.230809] registered taskstats version 1
[   11.230825] Loading compiled-in X.509 certificates
[   11.231527] Loaded X.509 cert 'Build time autogenerated kernel key: a6f98c496ad22cf23b77f8fe21ff88c41791cbd4'
[   11.231546] zswap: loaded using pool lzo/zbud
[   11.232970] Key type trusted registered
[   11.235263] Key type encrypted registered
[   11.235269] AppArmor: AppArmor sha1 policy hashing enabled
[   11.235272] ima: No TPM chip found, activating TPM-bypass!
[   11.235292] evm: HMAC attrs: 0x1
[   11.235680]   Magic number: 1:809:436
[   11.251240] rtc_cmos rtc_cmos: setting system clock to 2017-09-11 15:27:01 UTC (1505143621)
[   11.251382] BIOS EDD facility v0.16 2004-Jun-25, 0 devices found
[   11.251382] EDD information not available.
[   11.436760] input: AT Translated Set 2 keyboard as /devices/platform/i8042/serio0/input/input2
[   12.447263] Freeing unused kernel memory: 1492K (ffffffff81f45000 - ffffffff820ba000)
[   12.469910] Write protecting the kernel read-only data: 14336k
[   12.487492] Freeing unused kernel memory: 1748K (ffff88000184b000 - ffff880001a00000)
[   12.504185] Freeing unused kernel memory: 112K (ffff880001de4000 - ffff880001e00000)
Loading, please wait...
starting version[   12.538413] random: systemd-udevd: uninitialized urandom read (16 bytes read, 7 bits of entropy available)
 229
[   12.539740] random: udevadm: uninitialized urandom read (16 bytes read, 7 bits of entropy available)
[   12.539889] random: udevadm: uninitialized urandom read (16 bytes read, 7 bits of entropy available)
[   12.540096] random: udevadm: uninitialized urandom read (16 bytes read, 7 bits of entropy available)
[   12.540170] random: udevadm: uninitialized urandom read (16 bytes read, 7 bits of entropy available)
[   12.540243] random: udevadm: uninitialized urandom read (16 bytes read, 7 bits of entropy available)
[   12.540318] random: udevadm: uninitialized urandom read (16 bytes read, 7 bits of entropy available)
[   12.540407] random: udevadm: uninitialized urandom read (16 bytes read, 7 bits of entropy available)
[   12.540479] random: udevadm: uninitialized urandom read (16 bytes read, 7 bits of entropy available)
[   12.540552] random: udevadm: uninitialized urandom read (16 bytes read, 7 bits of entropy available)
[   13.055086] e1000: Intel(R) PRO/1000 Network Driver - version 7.3.21-k8-NAPI
[   13.106691] e1000: Copyright (c) 1999-2006 Intel Corporation.
[   13.111351] Fusion MPT base driver 3.04.20
[   13.140524] Copyright (c) 1999-2008 LSI Corporation
[   13.146159] Fusion MPT SPI Host driver 3.04.20
[   13.180469] AVX version of gcm_enc/dec engaged.
[   13.182908] AES CTR mode by8 optimization enabled
[   13.403642] input: ImExPS/2 Generic Explorer Mouse as /devices/platform/i8042/serio1/input/input4
[   13.492900] e1000 0000:00:03.0 eth0: (PCI:33MHz:32-bit) 02:04:e4:df:e4:d8
[   13.536046] e1000 0000:00:03.0 eth0: Intel(R) PRO/1000 Network Connection
[   13.571716] mptbase: ioc0: Initiating bringup
[   13.684370] ioc0: LSI53C1030 A0: Capabilities={Initiator}
[   13.948892] scsi host2: ioc0: LSI53C1030 A0, FwRev=00000000h, Ports=1, MaxQ=256, IRQ=20
[   14.174048] scsi 2:0:0:0: Direct-Access     VBOX     HARDDISK         1.0  PQ: 0 ANSI: 5
[   14.209724] scsi target2:0:0: Beginning Domain Validation
[   14.228996] scsi target2:0:0: Domain Validation skipping write tests
[   14.231534] scsi target2:0:0: Ending Domain Validation
[   14.234289] scsi target2:0:0: asynchronous
[   14.239972] scsi 2:0:1:0: Direct-Access     VBOX     HARDDISK         1.0  PQ: 0 ANSI: 5
[   14.245146] scsi target2:0:1: Beginning Domain Validation
[   14.249103] scsi target2:0:1: Domain Validation skipping write tests
[   14.251997] scsi target2:0:1: Ending Domain Validation
[   14.254649] scsi target2:0:1: asynchronous
[   14.268675] sd 2:0:0:0: Attached scsi generic sg0 type 0
[   14.271607] sd 2:0:0:0: [sda] 20971520 512-byte logical blocks: (10.7 GB/10.0 GiB)
[   14.274782] sd 2:0:1:0: [sdb] 20480 512-byte logical blocks: (10.5 MB/10.0 MiB)
[   14.277881] sd 2:0:0:0: [sda] Write Protect is off
[   14.280198] sd 2:0:1:0: Attached scsi generic sg1 type 0
[   14.284074] sd 2:0:1:0: [sdb] Write Protect is off
[   14.285659] sd 2:0:0:0: [sda] Incomplete mode parameter data
[   14.287349] sd 2:0:0:0: [sda] Assuming drive cache: write through
[   14.289081] sd 2:0:1:0: [sdb] Incomplete mode parameter data
[   14.291869] sd 2:0:1:0: [sdb] Assuming drive cache: write through
[   14.300410]  sda: sda1
[   14.304016] sd 2:0:0:0: [sda] Attached SCSI disk
[   14.307143] sd 2:0:1:0: [sdb] Attached SCSI disk
[   14.552634] e1000 0000:00:08.0 eth1: (PCI:33MHz:32-bit) 08:00:27:b5:f2:74
[   14.606107] e1000 0000:00:08.0 eth1: Intel(R) PRO/1000 Network Connection
[   14.622059] e1000 0000:00:03.0 enp0s3: renamed from eth0
[   14.680274] e1000 0000:00:08.0 enp0s8: renamed from eth1
[   16.196083] floppy0: no floppy controllers found
[   16.280189] work still pending
Begin: Loading e[   17.711454] md: linear personality registered for level -1
ssential drivers[   17.776200] md: multipath personality registered for level -4
 ... [   17.843450] md: raid0 personality registered for level 0
[   17.898552] md: raid1 personality registered for level 1
[   18.019888] raid6: sse2x1   gen()  8320 MB/s
[   18.115809] raid6: sse2x1   xor()  2914 MB/s
[   18.204026] raid6: sse2x2   gen()  8712 MB/s
[   18.339664] raid6: sse2x2   xor()  6773 MB/s
[   18.475772] raid6: sse2x4   gen() 11726 MB/s
[   18.644241] raid6: sse2x4   xor()  7131 MB/s
[   18.735281] raid6: using algorithm sse2x4 gen() 11726 MB/s
[   18.792709] raid6: .... xor() 7131 MB/s, rmw enabled
[   18.865402] raid6: using ssse3x2 recovery algorithm
[   18.902033] xor: automatically using best checksumming function:
[   19.004289]    avx       : 19331.000 MB/sec
[   19.013438] async_tx: api initialized (async)
[   19.125549] md: raid6 personality registered for level 6
[   19.146276] md: raid5 personality registered for level 5
[   19.149863] md: raid4 personality registered for level 4
[   19.157592] md: raid10 personality registered for level 10
done.
Begin: Running /scripts/init-premount ... done.
Begin: Mounting root file system ... Begin: Running /scripts/local-top ... done.
Begin: Running /scripts/local-premount ... [   19.259981] Btrfs loaded
Scanning for Btrfs filesystems
done.
Warning: fsck not present, so sk[   19.321582] EXT4-fs (sda1): mounted filesystem with ordered data mode. Opts: (null)
ipping root file system
done.
Begin: Running /scripts/local-bottom ... done.
Begin: Running /scripts/init-bottom ... done.
[   19.544579] systemd[1]: systemd 229 running in system mode. (+PAM +AUDIT +SELINUX +IMA +APPARMOR +SMACK +SYSVINIT +UTMP +LIBCRYPTSETUP +GCRYPT +GNUTLS +ACL +XZ -LZ4 +SECCOMP +BLKID +ELFUTILS +KMOD -IDN)
[   19.583889] systemd[1]: Detected virtualization oracle.
[   19.598414] systemd[1]: Detected architecture x86-64.

Welcome to [1mUbuntu 16.04.3 LTS[0m!

[   19.638868] systemd[1]: Set hostname to <ubuntu>.
[   19.671449] systemd[1]: Initializing machine ID from random generator.
[   19.771958] systemd[1]: Installed transient /etc/machine-id file.
[   20.025388] systemd[1]: Created slice User and Session Slice.
[[0;32m  OK  [0m] Created slice User and Session Slice.
[   20.100634] systemd[1]: Listening on Journal Socket.
[[0;32m  OK  [0m] Listening on Journal Socket.
[   20.172203] systemd[1]: Started Forward Password Requests to Wall Directory Watch.
[[0;32m  OK  [0m] Started Forward Password Requests to Wall Directory Watch.
[   20.248692] systemd[1]: Listening on /dev/initctl Compatibility Named Pipe.
[[0;32m  OK  [0m] Listening on /dev/initctl Compatibility Named Pipe.
[   20.281598] systemd[1]: Started Trigger resolvconf update for networkd DNS.
[[0;32m  OK  [0m] Started Trigger resolvconf update for networkd DNS.
[   20.285595] systemd[1]: Listening on Syslog Socket.
[[0;32m  OK  [0m] Listening on Syslog Socket.
[   20.288907] systemd[1]: Listening on Journal Audit Socket.
[[0;32m  OK  [0m] Listening on Journal Audit Socket.
[   20.293600] systemd[1]: Listening on Device-mapper event daemon FIFOs.
[[0;32m  OK  [0m] Listening on Device-mapper event daemon FIFOs.
[   20.302491] systemd[1]: Listening on udev Control Socket.
[[0;32m  OK  [0m] Listening on udev Control Socket.
[   20.324220] systemd[1]: Created slice System Slice.
[[0;32m  OK  [0m] Created slice System Slice.
[   20.358140] systemd[1]: Starting Load Kernel Modules...
         Starting Load Kernel Modules...
[   20.378949] systemd[1]: Reached target Slices.
[[0;32m  OK  [0m] Reached target Slices.
[   20.382533] systemd[1]: Mounting Huge Pages File System...
[   20.392674] Loading iSCSI transport class v2.0-870.
[   20.393462] random: nonblocking pool is initialized
         Mounting Huge Pa[   20.412231] iscsi: registered transport (tcp)
ges File System...
[   20.500152] systemd[1]: Set up automount Arbitrary Executable File Formats File System Automount Point.
[[0;32m  OK  [0m] Set up automount Arbitrary Executab...ats File System Automount Point.
[   20.515185] systemd[1]: Listening on udev Kernel Socket.
[[0;32m  OK  [0m] Listening on udev Kernel Socket.
[   20.520289] systemd[1]: Listening on Journal Socket (/dev/log).
[[0;32m  OK  [0m] Listening on Journal Socket (/dev/log).
[   20.548432] systemd[1]: Starting Journal Service...
[   20.575260] iscsi: registered transport (iser)
         Starting Journal Service...
[   20.608818] systemd[1]: Reached target Encrypted Volumes.
[[0;32m  OK  [0m] Reached target Encrypted Volumes.
[   20.780447] systemd[1]: Starting Remount Root and Kernel File Systems...
[   20.789036] EXT4-fs (sda1): re-mounted. Opts: (null)
         Starting Remount Root and Kernel File Systems...
[   20.860740] systemd[1]: Listening on LVM2 metadata daemon socket.
[[0;32m  OK  [0m] Listening on LVM2 metadata daemon socket.
[   20.924544] systemd[1]: Starting Monitoring of LVM2 mirrors, snapshots etc. using dmeventd or progress polling...
         Starting Monitoring of LVM2 mirrors... dmeventd or progress polling...
[   20.952456] systemd[1]: Created slice system-serial\x2dgetty.slice.
[[0;32m  OK  [0m] Created slice system-serial\x2dgetty.slice.
[   21.076238] systemd[1]: Starting Nameserver information manager...
         Starting Nameserver information manager...
[   21.136150] systemd[1]: Starting Set console keymap...
         Starting Set console keymap...
[   21.149556] systemd[1]: Reached target Swap.
[[0;32m  OK  [0m] Reached target Swap.
[   21.196152] systemd[1]: Starting Uncomplicated firewall...
         Starting Uncomplicated firewall...
[   21.296076] systemd[1]: Listening on LVM2 poll daemon socket.
[[0;32m  OK  [0m] Listening on LVM2 poll daemon socket.
[   21.328797] systemd[1]: Reached target User and Group Name Lookups.
[[0;32m  OK  [0m] Reached target User and Group Name Lookups.
[   21.432001] systemd[1]: Mounting POSIX Message Queue File System...
         Mounting POSIX Message Queue File System...
[   21.473755] systemd[1]: Starting Create list of required static device nodes for the current kernel...
         Starting Create list of required st... nodes for the current kernel...
[   21.532503] systemd[1]: Mounting Debug File System...
         Mounting Debug File System...
[   21.633613] systemd[1]: Mounted Huge Pages File System.
[[0;32m  OK  [0m] Mounted Huge Pages File System.
[   21.643630] systemd[1]: Mounted POSIX Message Queue File System.
[[0;32m  OK  [0m] Mounted POSIX Message Queue File System.
[   21.732930] systemd[1]: Mounted Debug File System.
[[0;32m  OK  [0m] Mounted Debug File System.
[   21.892494] systemd[1]: Started Journal Service.
[[0;32m  OK  [0m] Started Journal Service.
[[0;32m  OK  [0m] Started Load Kernel Modules.
[[0;32m  OK  [0m] Started Remount Root and Kernel File Systems.
[[0;32m  OK  [0m] Started Set console keymap.
[[0;32m  OK  [0m] Started Uncomplicated firewall.
[[0;32m  OK  [0m] Started Create list of required sta...ce nodes for the current kernel.
[[0;32m  OK  [0m] Started Nameserver information manager.
[[0;32m  OK  [0m] Started LVM2 metadata daemon.
         Starting Create Static Device Nodes in /dev...
         Starting Load/Save Random Seed...
         Starting Initial cloud-init job (pre-networking)...
         Starting udev Coldplug all Devices...
         Mounting FUSE Control File System...
         Starting Apply Kernel Variables...
         Starting Flush Journal to Persistent Storage...
[[0;32m  OK  [0m] Mounted FUSE Control File System.
[[0;32m  OK  [0m] Started Monitoring of LVM2 mirrors,...ng dmeventd or progress polling.
[[0;32m  OK  [0m] Started Create Static Device Nodes in /dev.
[[0;32m  OK  [0m] Started Load/Save Random Seed.
[[0;32m  OK  [0m] Started Apply Kernel Variables.
[[0;32m  OK  [0m] Started udev Coldplug all Devices.
[[0;32m  OK  [0m] Started Flush Journal to Persistent Storage.
         Starting udev Kernel Device Manager...
[[0;32m  OK  [0m] Started udev Kernel Device Manager.
[[0;32m  OK  [0m] Reached target Local File Systems (Pre).
[[0;32m  OK  [0m] Reached target Local File Systems.
         Starting Create Volatile Files and Directories...
         Starting Set console font and keymap...
         Starting LSB: AppArmor initialization...
         Starting Commit a transient machine-id on disk...
         Starting Tell Plymouth To Write Out Runtime Data...
[[0;32m  OK  [0m] Started Dispatch Password Requests to Console Directory Watch.
[[0;32m  OK  [0m] Started Create Volatile Files and Directories.
[[0;32m  OK  [0m] Started Commit a transient machine-id on disk.
[[0;32m  OK  [0m] Started Tell Plymouth To Write Out Runtime Data.
[[0;32m  OK  [0m] Found device /dev/ttyS0.
[[0;32m  OK  [0m] Started Set console font and keymap.
[[0;32m  OK  [0m] Listening on Load/Save RF Kill Switch Status /dev/rfkill Watch.
[[0;32m  OK  [0m] Created slice system-getty.slice.
         Starting Update UTMP about System Boot/Shutdown...
[[0;32m  OK  [0m] Reached target System Time Synchronized.
[[0;32m  OK  [0m] Started LSB: AppArmor initialization.
[[0;32m  OK  [0m] Started Update UTMP about System Boot/Shutdown.
[   18.744740] cloud-init[453]: Cloud-init v. 0.7.9 running 'init-local' at Mon, 11 Sep 2017 15:27:14 +0000. Up 18.22 seconds.
[[0;32m  OK  [0m] Started Initial cloud-init job (pre-networking).
[[0;32m  OK  [0m] Reached target Network (Pre).
         Starting Raise network interfaces...
[[0;32m  OK  [0m] Started Raise network interfaces.
[[0;32m  OK  [0m] Reached target Network.
         Starting Initial cloud-init job (metadata service crawler)...
[   21.375852] cloud-init[946]: Cloud-init v. 0.7.9 running 'init' at Mon, 11 Sep 2017 15:27:16 +0000. Up 20.70 seconds.
[   21.488428] cloud-init[946]: ci-info: +++++++++++++++++++++++++++++++++++++Net device info++++++++++++++++++++++++++++++++++++++
[   21.489024] cloud-init[946]: ci-info: +--------+-------+---------------------------+---------------+-------+-------------------+
[[0;32m  OK  [0m] Started Initial cloud-init job (metadata service crawler).
[   21.489187] cloud-init[946]: ci-info: | Device |   Up  |          Address          |      Mask     | Scope |     Hw-Address    |
[   21.792994] cloud-init[946]: ci-info: +--------+-------+---------------------------+---------------+-------+-------------------+
[[0;32m  OK  [0m] Reached target Network is Online.
[   21.793929] cloud-init[946]: ci-info: | enp0s8 | False |             .             |       .       |   .   | 08:00:27:b5:f2:74 |
[   21.948456] cloud-init[946]: ci-info: | enp0s3 |  True |         10.0.2.15         | 255.255.255.0 |   .   | 02:04:e4:df:e4:d8 |
         Starting iSCSI initiator daemon (iscsid)...
[[0;32m  OK  [0m] Reached target System Initialization.
[   22.025451] cloud-init[946]: ci-info: | enp0s3 |  True | fe80::4:e4ff:fedf:e4d8/64 |       .       |  link | 02:04:e4:df:e4:d8 |
[[0;32m  OK  [0m] Listening on ACPID Listen Socket.
[[0;32m  OK  [0m] Started Timer to automatically refresh installed snaps.
[   22.094161] cloud-init[946]: ci-info: |   lo   |  True |         127.0.0.1         |   255.0.0.0   |   .   |         .         |
[   22.216808] cloud-init[946]: ci-info: |   lo   |  True |          ::1/128          |       .       |  host |         .         |
[   22.308584] cloud-init[946]: ci-info: +--------+-------+---------------------------+---------------+-------+-------------------+
[   22.309267] cloud-init[946]: ci-info: +++++++++++++++++++++++++++Route IPv4 info++++++++++++++++++++++++++++
[   22.309344] cloud-init[946]: ci-info: +-------+-------------+----------+---------------+-----------+-------+
[   22.309412] cloud-init[946]: ci-info: | Route | Destination | Gateway  |    Genmask    | Interface | Flags |
[   22.309473] cloud-init[946]: ci-info: +-------+-------------+----------+---------------+-----------+-------+
[   22.309530] cloud-init[946]: ci-info: |   0   |   0.0.0.0   | 10.0.2.2 |    0.0.0.0    |   enp0s3  |   UG  |
[   22.309593] cloud-init[946]: ci-info: |   1   |   10.0.2.0  | 0.0.0.0  | 255.255.255.0 |   enp0s3  |   U   |
[   22.309663] cloud-init[946]: ci-info: +-------+-------------+----------+---------------+-----------+-------+
[   22.309724] cloud-init[946]: Generating public/private rsa key pair.
[   22.309786] cloud-init[946]: Your identification has been saved in /etc/ssh/ssh_host_rsa_key.
[   22.309971] cloud-init[946]: Your public key has been saved in /etc/ssh/ssh_host_rsa_key.pub.
[   22.310045] cloud-init[946]: The key fingerprint is:
[   22.310201] cloud-init[946]: SHA256:yZxdDGk4I/lPHiOl+vlkI8NdBjvbgholsFdvzYSRWM0 root@ubuntu-xenial
[   22.310408] cloud-init[946]: The key's randomart image is:
[   22.310477] cloud-init[946]: +---[RSA 2048]----+
[   22.310553] cloud-init[946]: |       . ++=     |
[   22.310740] cloud-init[946]: |      o = ==E    |
[   22.310815] cloud-init[946]: |    .  o.*o +    |
[   22.310877] cloud-init[946]: |     o ++=+B     |
[   22.311374] cloud-init[946]: |    . o.S=*o=    |
[   22.311609] cloud-init[946]: |     ..+ +o*     |
[   22.311776] cloud-init[946]: |      ..=.B .    |
[   22.311850] cloud-init[946]: |       oo= o     |
[   22.311960] cloud-init[946]: |      .  ..      |
[   22.312028] cloud-init[946]: +----[SHA256]-----+
[   22.312097] cloud-init[946]: Generating public/private dsa key pair.
[   22.312159] cloud-init[946]: Your identification has been saved in /etc/ssh/ssh_host_dsa_key.
[   22.312298] cloud-init[946]: Your public key has been saved in /etc/ssh/ssh_host_dsa_key.pub.
[[0;32m  OK  [0m] Started Daily apt download activities.
[   22.312672] cloud-init[946]: The key fingerprint is:
[   22.862137] cloud-init[946]: SHA256:BVLcBdaYU4b5HiF1Da+Vje2JwDRWLilHXkl++NLq4qY root@ubuntu-xenial
[   22.916587] cloud-init[946]: The key's randomart image is:
[   22.944334] cloud-init[946]: +---[DSA 1024]----+
[   22.944609] cloud-init[946]: |      .oo.o/B++o |
[   22.944652] cloud-init[946]: |       ..o#.Oo.++|
[   22.944683] cloud-init[946]: |         ..@ =.o=|
[   22.944714] cloud-init[946]: |         .o = =+.|
[   22.944743] cloud-init[946]: |        S  . +.+.|
[   22.944773] cloud-init[946]: |            . o  |
[   22.944802] cloud-init[946]: |             .   |
[   22.944832] cloud-init[946]: |           o.    |
[   22.944862] cloud-init[946]: |         E+...   |
[   22.944891] cloud-init[946]: +----[SHA256]-----+
[   22.944921] cloud-init[946]: Generating public/private ecdsa key pair.
[   22.944952] cloud-init[946]: Your identification has been saved in /etc/ssh/ssh_host_ecdsa_key.
[   22.944985] cloud-init[946]: Your public key has been saved in /etc/ssh/ssh_host_ecdsa_key.pub.
[   22.945015] cloud-init[946]: The key fingerprint is:
[   22.945047] cloud-init[946]: SHA256:Ww3xcDgJTq0rB7OKe+qaUG4jk3FNDdCncx9KkfJw44M root@ubuntu-xenial
[   22.945077] cloud-init[946]: The key's randomart image is:
[   22.945107] cloud-init[946]: +---[ECDSA 256]---+
[   22.945138] cloud-init[946]: |  .o.  .oooo.    |
[   22.945168] cloud-init[946]: |    +o*o  ==     |
[   22.945199] cloud-init[946]: |    .X.o.....    |
[   22.945228] cloud-init[946]: |   oE O o  o     |
[   22.945259] cloud-init[946]: |. o .+ BSo. .    |
[   22.945311] cloud-init[946]: | *    + +o       |
[   22.945346] cloud-init[946]: |= +. . o.        |
[   22.945381] cloud-init[946]: |.=..o            |
[   22.945413] cloud-init[946]: |oo++             |
[   22.945448] cloud-init[946]: +----[SHA256]-----+
[   22.945481] cloud-init[946]: Generating public/private ed25519 key pair.
[   22.945515] cloud-init[946]: Your identification has been saved in /etc/ssh/ssh_host_ed25519_key.
[   22.945550] cloud-init[946]: Your public key has been saved in /etc/ssh/ssh_host_ed25519_key.pub.
[   22.945582] cloud-init[946]: The key fingerprint is:
[   22.945622] cloud-init[946]: SHA256:nzIQJ/QKn5ngXYO67xMkq6BuDqGemUNDYpx21B4nseM root@ubuntu-xenial
[   22.945653] cloud-init[946]: The key's randomart image is:
[   22.945682] cloud-init[946]: +--[ED25519 256]--+
[   22.945712] cloud-init[946]: |    ..o          |
[   22.945742] cloud-init[946]: |   . =.+         |
[   22.945774] cloud-init[946]: |. o +oB =        |
[   22.945804] cloud-init[946]: |.* ooBoX .       |
[   22.945834] cloud-init[946]: |* . oEO S        |
[   22.945865] cloud-init[946]: |o+  .... . .     |
[   22.945894] cloud-init[946]: |=....  .o o      |
[   22.945924] cloud-init[946]: |+o=  ..  o       |
[   22.945957] cloud-init[946]: |+B.  .o.         |
[   22.945986] cloud-init[946]: +----[SHA256]-----+
         Starting LXD - unix socket.
         Starting Socket activation for snappy daemon.
[[0;32m  OK  [0m] Started ACPI Events Check.
[[0;32m  OK  [0m] Reached target Paths.
[[0;32m  OK  [0m] Started Daily apt upgrade and clean activities.
[[0;32m  OK  [0m] Started Daily Cleanup of Temporary Directories.
[[0;32m  OK  [0m] Reached target Timers.
[[0;32m  OK  [0m] Listening on D-Bus System Message Bus Socket.
[[0;32m  OK  [0m] Listening on UUID daemon activation socket.
[[0;32m  OK  [0m] Reached target Cloud-config availability.
[[0;32m  OK  [0m] Listening on LXD - unix socket.
[[0;32m  OK  [0m] Listening on Socket activation for snappy daemon.
[[0;32m  OK  [0m] Started iSCSI initiator daemon (iscsid).
         Starting Login to default iSCSI targets...
[[0;32m  OK  [0m] Reached target Sockets.
[[0;32m  OK  [0m] Reached target Basic System.
         Starting LSB: MD monitoring daemon...
         Starting Pollinate to seed the pseudo random number generator...
[[0;32m  OK  [0m] Started ACPI event daemon.
         Starting Login Service...
         Starting Accounts Service...
[[0;32m  OK  [0m] Started Regular background program processing daemon.
         Starting Apply the settings specified in cloud-config...
[[0;32m  OK  [0m] Started Deferred execution scheduler.
[[0;32m  OK  [0m] Started Unattended Upgrades Shutdown.
         Starting System Logging Service...
         Starting LSB: Record successful boot for GRUB...
         Starting /etc/rc.local Compatibility...
[[0;32m  OK  [0m] Started Snappy daemon.
         Starting Auto import assertions from block devices...
[[0;32m  OK  [0m] Started FUSE filesystem for LXC.
[[0;32m  OK  [0m] Started D-Bus System Message Bus.
         Starting LXD - container startup/shutdown...
[[0;32m  OK  [0m] Started System Logging Service.
[[0;32m  OK  [0m] Started /etc/rc.local Compatibility.
[[0;32m  OK  [0m] Started Auto import assertions from block devices.
[[0;32m  OK  [0m] Started LSB: MD monitoring daemon.
[[0;32m  OK  [0m] Started Login to default iSCSI targets.
[[0;32m  OK  [0m] Started LSB: Record successful boot for GRUB.
[[0;32m  OK  [0m] Started Pollinate to seed the pseudo random number generator.
[[0;32m  OK  [0m] Started Login Service.
         Starting Authenticate and Authorize Users to Run Privileged Tasks...
         Starting OpenBSD Secure Shell server...
[[0;32m  OK  [0m] Reached target Remote File Systems (Pre).
[[0;32m  OK  [0m] Reached target Remote File Systems.
         Starting Permit User Sessions...
         Starting LSB: automatic crash report generation...
         Starting LSB: VirtualBox Linux Additions...
         Starting LSB: Set the CPU Frequency Scaling governor to "ondemand"...
         Starting LSB: daemon to balance interrupts for SMP systems...
[[0;32m  OK  [0m] Started OpenBSD Secure Shell server.
[[0;32m  OK  [0m] Started LXD - container startup/shutdown.
[[0;32m  OK  [0m] Started Permit User Sessions.
[[0;32m  OK  [0m] Started Authenticate and Authorize Users to Run Privileged Tasks.
[[0;32m  OK  [0m] Started Accounts Service.
         Starting Hold until boot process finishes up...
         Starting Terminate Plymouth Boot Screen...
[[0;32m  OK  [0m] Started LSB: automatic crash report generation.
[[0;32m  OK  [0m] Started LSB: Set the CPU Frequency Scaling governor to "ondemand".
[[0;32m  OK  [0m] Started Hold until boot process finishes up.
[[0;32m  OK  [0m] Started Terminate Plymouth Boot Screen.
[[0;32m  OK  [0m] Started LSB: VirtualBox Linux Additions.
[[0;32m  OK  [0m] Started Getty on tty1.
         Starting Set console scheme...
[[0;32m  OK  [0m] Started Serial Getty on ttyS0.
[[0;32m  OK  [0m] Reached target Login Prompts.
[[0;32m  OK  [0m] Started LSB: daemon to balance interrupts for SMP systems.
[[0;32m  OK  [0m] Started Set console scheme.
[[0;32m  OK  [0m] Reached target Multi-User System.
[[0;32m  OK  [0m] Reached target Graphical Interface.
         Starting Update UTMP about System Runlevel Changes...
[[0;32m  OK  [0m] Started Update UTMP about System Runlevel Changes.
[   25.654969] cloud-init[1099]: Generating locales (this might take a while)...
[   26.844367] cloud-init[1099]:   en_US.UTF-8... done
[   26.880749] cloud-init[1099]: Generation complete.
         Stopping OpenBSD Secure Shell server...
[[0;32m  OK  [0m] Stopped OpenBSD Secure Shell server.
         Starting OpenBSD Secure Shell server...
[[0;32m  OK  [0m] Started OpenBSD Secure Shell server.
[[0;32m  OK  [0m] Created slice User Slice of ubuntu.
         Starting User Manager for UID 1000...
[[0;32m  OK  [0m] Started Session 1 of user ubuntu.
[[0;32m  OK  [0m] Started User Manager for UID 1000.
[   27.616329] cloud-init[1099]: Cloud-init v. 0.7.9 running 'modules:config' at Mon, 11 Sep 2017 15:27:21 +0000. Up 25.33 seconds.
[[0;32m  OK  [0m] Started Apply the settings specified in cloud-config.
         Starting Execute cloud user/final scripts...
ci-info: no authorized ssh keys fingerprints found for user ubuntu.
<14>Sep 11 15:27:24 ec2: 
<14>Sep 11 15:27:24 ec2: #############################################################
<14>Sep 11 15:27:24 ec2: -----BEGIN SSH HOST KEY FINGERPRINTS-----
<14>Sep 11 15:27:24 ec2: 1024 SHA256:BVLcBdaYU4b5HiF1Da+Vje2JwDRWLilHXkl++NLq4qY root@ubuntu-xenial (DSA)
<14>Sep 11 15:27:24 ec2: 256 SHA256:Ww3xcDgJTq0rB7OKe+qaUG4jk3FNDdCncx9KkfJw44M root@ubuntu-xenial (ECDSA)
<14>Sep 11 15:27:24 ec2: 256 SHA256:nzIQJ/QKn5ngXYO67xMkq6BuDqGemUNDYpx21B4nseM root@ubuntu-xenial (ED25519)
<14>Sep 11 15:27:24 ec2: 2048 SHA256:yZxdDGk4I/lPHiOl+vlkI8NdBjvbgholsFdvzYSRWM0 root@ubuntu-xenial (RSA)
<14>Sep 11 15:27:24 ec2: -----END SSH HOST KEY FINGERPRINTS-----
<14>Sep 11 15:27:24 ec2: #############################################################
-----BEGIN SSH HOST KEY KEYS-----
ecdsa-sha2-nistp256 AAAAE2VjZHNhLXNoYTItbmlzdHAyNTYAAAAIbmlzdHAyNTYAAABBBLQda0TPRI/YIUKoBcJwwfiKcO4O7cT2P0xwLIt4oNY+hjDjIN+0dxOUmpMfJ6HT0TNRhZ4w4zDRSeiWFXOzwOg= root@ubuntu-xenial
ssh-ed25519 AAAAC3NzaC1lZDI1NTE5AAAAIHa0bTFdztR19p1y4B5zLHspg/4fxiso46MyOY9pbtZX root@ubuntu-xenial
ssh-rsa AAAAB3NzaC1yc2EAAAADAQABAAABAQDJXF2ouFYUc7AQjw8qwt+dNTUFIhIxZt+7fIfYNdm6ZT1iF2z2plhE4Hii+7RMfEX7yevjhEwUNcFO5r9QUdqMSijHmk8tJSvhFmYb2oLKmn+MAKOtlqMF1YmHn4kYLyB3CpDe+t0r+xnuMIOkX4tgj9n2+5d2z7Jdv+guVCYwszcJ4wt7u85WvM2saHCFbcf3d+Ka4hXQxXKjleU3EUj9ps1moY+DaMg7DcGVTo5OT4/6nxBvZtp4RiP8FI9TdiFNYczU79/LsjgPqB4ze23WJ9I/+8Sm+kLjZ+IDs5/mrfBVQSWiUPj30svLM/u71ld5icpGAaSdtkIZjKqqY4If root@ubuntu-xenial
-----END SSH HOST KEY KEYS-----
[   28.922812] cloud-init[1402]: Cloud-init v. 0.7.9 running 'modules:final' at Mon, 11 Sep 2017 15:27:24 +0000. Up 28.27 seconds.
[   28.956791] cloud-init[1402]: ci-info: no authorized ssh keys fingerprints found for user ubuntu.
[   28.964249] cloud-init[1402]: Cloud-init v. 0.7.9 finished at Mon, 11 Sep 2017 15:27:25 +0000. Datasource DataSourceNoCloud [seed=/dev/sdb][dsmode=net].  Up 28.90 seconds
[[0;32m  OK  [0m] Started Execute cloud user/final scripts.
[[0;32m  OK  [0m] Reached target Cloud-init target.

Ubuntu 16.04.3 LTS ubuntu-xenial ttyS0

ubuntu-xenial login: 